2020-04-10 10:54:56.251  INFO 1302 --- [main] co.udea.ingweb.api.App                   : Starting App on Carloss-MacBook-Pro.local with PID 1302 (/Users/itmanager/IdeaProjects/IngWebApi/target/classes started by itmanager in /Users/itmanager/IdeaProjects/IngWebApi)
2020-04-10 10:54:56.255  INFO 1302 --- [main] co.udea.ingweb.api.App                   : The following profiles are active: heroku2
2020-04-10 10:54:58.347  INFO 1302 --- [main] .s.d.r.c.RepositoryConfigurationDelegate : Bootstrapping Spring Data repositories in DEFAULT mode.
2020-04-10 10:54:58.519  INFO 1302 --- [main] .s.d.r.c.RepositoryConfigurationDelegate : Finished Spring Data repository scanning in 147ms. Found 2 repository interfaces.
2020-04-10 10:54:59.410  INFO 1302 --- [main] trationDelegate$BeanPostProcessorChecker : Bean 'org.springframework.transaction.annotation.ProxyTransactionManagementConfiguration' of type [org.springframework.transaction.annotation.ProxyTransactionManagementConfiguration$$EnhancerBySpringCGLIB$$f33a85fb] is not eligible for getting processed by all BeanPostProcessors (for example: not eligible for auto-proxying)
2020-04-10 10:54:59.476  INFO 1302 --- [main] trationDelegate$BeanPostProcessorChecker : Bean 'org.springframework.hateoas.config.HateoasConfiguration' of type [org.springframework.hateoas.config.HateoasConfiguration$$EnhancerBySpringCGLIB$$72bad32d] is not eligible for getting processed by all BeanPostProcessors (for example: not eligible for auto-proxying)
2020-04-10 10:55:00.408  INFO 1302 --- [main] o.s.b.w.embedded.tomcat.TomcatWebServer  : Tomcat initialized with port(s): 8080 (http)
2020-04-10 10:55:00.475  INFO 1302 --- [main] o.apache.catalina.core.StandardService   : Starting service [Tomcat]
2020-04-10 10:55:00.476  INFO 1302 --- [main] org.apache.catalina.core.StandardEngine  : Starting Servlet engine: [Apache Tomcat/9.0.21]
2020-04-10 10:55:00.841  INFO 1302 --- [main] o.a.c.c.C.[.[localhost].[/ingweb-api]    : Initializing Spring embedded WebApplicationContext
2020-04-10 10:55:00.841  INFO 1302 --- [main] o.s.web.context.ContextLoader            : Root WebApplicationContext: initialization completed in 4511 ms
2020-04-10 10:55:01.377  INFO 1302 --- [main] com.zaxxer.hikari.HikariDataSource       : HikariPool-1 - Starting...
2020-04-10 10:55:03.028  INFO 1302 --- [main] com.zaxxer.hikari.HikariDataSource       : HikariPool-1 - Start completed.
2020-04-10 10:55:03.202  INFO 1302 --- [main] o.hibernate.jpa.internal.util.LogHelper  : HHH000204: Processing PersistenceUnitInfo [
	name: default
	...]
2020-04-10 10:55:03.433  INFO 1302 --- [main] org.hibernate.Version                    : HHH000412: Hibernate Core {5.3.10.Final}
2020-04-10 10:55:03.439  INFO 1302 --- [main] org.hibernate.cfg.Environment            : HHH000206: hibernate.properties not found
2020-04-10 10:55:03.843  INFO 1302 --- [main] o.hibernate.annotations.common.Version   : HCANN000001: Hibernate Commons Annotations {5.0.4.Final}
2020-04-10 10:55:04.221  INFO 1302 --- [main] org.hibernate.dialect.Dialect            : HHH000400: Using dialect: org.hibernate.dialect.PostgreSQLDialect
2020-04-10 10:55:04.256  INFO 1302 --- [main] o.h.e.j.e.i.LobCreatorBuilderImpl        : HHH000422: Disabling contextual LOB creation as connection was null
2020-04-10 10:55:04.266  INFO 1302 --- [main] org.hibernate.type.BasicTypeRegistry     : HHH000270: Type registration [java.util.UUID] overrides previous : org.hibernate.type.UUIDBinaryType@58278366
2020-04-10 10:55:04.611  INFO 1302 --- [main] j.LocalContainerEntityManagerFactoryBean : Initialized JPA EntityManagerFactory for persistence unit 'default'
2020-04-10 10:55:05.075  WARN 1302 --- [main] ConfigServletWebServerApplicationContext : Exception encountered during context initialization - cancelling refresh attempt: org.springframework.beans.factory.UnsatisfiedDependencyException: Error creating bean with name 'ajusteController' defined in file [/Users/itmanager/IdeaProjects/IngWebApi/target/classes/co/udea/ingweb/api/controller/AjusteController.class]: Unsatisfied dependency expressed through constructor parameter 0; nested exception is org.springframework.beans.factory.UnsatisfiedDependencyException: Error creating bean with name 'ajusteService' defined in file [/Users/itmanager/IdeaProjects/IngWebApi/target/classes/co/udea/ingweb/api/service/AjusteService.class]: Unsatisfied dependency expressed through constructor parameter 0; nested exception is org.springframework.beans.factory.BeanCreationException: Error creating bean with name 'ajusteRepository': Invocation of init method failed; nested exception is java.lang.IllegalArgumentException: Not a managed type: class co.udea.ingweb.api.model.Ajuste
2020-04-10 10:55:05.076  INFO 1302 --- [main] j.LocalContainerEntityManagerFactoryBean : Closing JPA EntityManagerFactory for persistence unit 'default'
2020-04-10 10:55:05.080  INFO 1302 --- [main] com.zaxxer.hikari.HikariDataSource       : HikariPool-1 - Shutdown initiated...
2020-04-10 10:55:05.755  INFO 1302 --- [main] com.zaxxer.hikari.HikariDataSource       : HikariPool-1 - Shutdown completed.
2020-04-10 10:55:05.760  INFO 1302 --- [main] o.apache.catalina.core.StandardService   : Stopping service [Tomcat]
2020-04-10 10:55:05.784  INFO 1302 --- [main] ConditionEvaluationReportLoggingListener : 

Error starting ApplicationContext. To display the conditions report re-run your application with 'debug' enabled.
2020-04-10 10:55:05.798 ERROR 1302 --- [main] o.s.boot.SpringApplication               : Application run failed

org.springframework.beans.factory.UnsatisfiedDependencyException: Error creating bean with name 'ajusteController' defined in file [/Users/itmanager/IdeaProjects/IngWebApi/target/classes/co/udea/ingweb/api/controller/AjusteController.class]: Unsatisfied dependency expressed through constructor parameter 0; nested exception is org.springframework.beans.factory.UnsatisfiedDependencyException: Error creating bean with name 'ajusteService' defined in file [/Users/itmanager/IdeaProjects/IngWebApi/target/classes/co/udea/ingweb/api/service/AjusteService.class]: Unsatisfied dependency expressed through constructor parameter 0; nested exception is org.springframework.beans.factory.BeanCreationException: Error creating bean with name 'ajusteRepository': Invocation of init method failed; nested exception is java.lang.IllegalArgumentException: Not a managed type: class co.udea.ingweb.api.model.Ajuste
	at org.springframework.beans.factory.support.ConstructorResolver.createArgumentArray(ConstructorResolver.java:769) ~[spring-beans-5.1.8.RELEASE.jar:5.1.8.RELEASE]
	at org.springframework.beans.factory.support.ConstructorResolver.autowireConstructor(ConstructorResolver.java:218) ~[spring-beans-5.1.8.RELEASE.jar:5.1.8.RELEASE]
	at org.springframework.beans.factory.support.AbstractAutowireCapableBeanFactory.autowireConstructor(AbstractAutowireCapableBeanFactory.java:1341) ~[spring-beans-5.1.8.RELEASE.jar:5.1.8.RELEASE]
	at org.springframework.beans.factory.support.AbstractAutowireCapableBeanFactory.createBeanInstance(AbstractAutowireCapableBeanFactory.java:1187) ~[spring-beans-5.1.8.RELEASE.jar:5.1.8.RELEASE]
	at org.springframework.beans.factory.support.AbstractAutowireCapableBeanFactory.doCreateBean(AbstractAutowireCapableBeanFactory.java:555) ~[spring-beans-5.1.8.RELEASE.jar:5.1.8.RELEASE]
	at org.springframework.beans.factory.support.AbstractAutowireCapableBeanFactory.createBean(AbstractAutowireCapableBeanFactory.java:515) ~[spring-beans-5.1.8.RELEASE.jar:5.1.8.RELEASE]
	at org.springframework.beans.factory.support.AbstractBeanFactory.lambda$doGetBean$0(AbstractBeanFactory.java:320) ~[spring-beans-5.1.8.RELEASE.jar:5.1.8.RELEASE]
	at org.springframework.beans.factory.support.DefaultSingletonBeanRegistry.getSingleton(DefaultSingletonBeanRegistry.java:222) ~[spring-beans-5.1.8.RELEASE.jar:5.1.8.RELEASE]
	at org.springframework.beans.factory.support.AbstractBeanFactory.doGetBean(AbstractBeanFactory.java:318) ~[spring-beans-5.1.8.RELEASE.jar:5.1.8.RELEASE]
	at org.springframework.beans.factory.support.AbstractBeanFactory.getBean(AbstractBeanFactory.java:199) ~[spring-beans-5.1.8.RELEASE.jar:5.1.8.RELEASE]
	at org.springframework.beans.factory.support.DefaultListableBeanFactory.preInstantiateSingletons(DefaultListableBeanFactory.java:845) ~[spring-beans-5.1.8.RELEASE.jar:5.1.8.RELEASE]
	at org.springframework.context.support.AbstractApplicationContext.finishBeanFactoryInitialization(AbstractApplicationContext.java:877) ~[spring-context-5.1.8.RELEASE.jar:5.1.8.RELEASE]
	at org.springframework.context.support.AbstractApplicationContext.refresh(AbstractApplicationContext.java:549) ~[spring-context-5.1.8.RELEASE.jar:5.1.8.RELEASE]
	at org.springframework.boot.web.servlet.context.ServletWebServerApplicationContext.refresh(ServletWebServerApplicationContext.java:140) ~[spring-boot-2.1.6.RELEASE.jar:2.1.6.RELEASE]
	at org.springframework.boot.SpringApplication.refresh(SpringApplication.java:742) [spring-boot-2.1.6.RELEASE.jar:2.1.6.RELEASE]
	at org.springframework.boot.SpringApplication.refreshContext(SpringApplication.java:389) [spring-boot-2.1.6.RELEASE.jar:2.1.6.RELEASE]
	at org.springframework.boot.SpringApplication.run(SpringApplication.java:311) [spring-boot-2.1.6.RELEASE.jar:2.1.6.RELEASE]
	at org.springframework.boot.SpringApplication.run(SpringApplication.java:1213) [spring-boot-2.1.6.RELEASE.jar:2.1.6.RELEASE]
	at org.springframework.boot.SpringApplication.run(SpringApplication.java:1202) [spring-boot-2.1.6.RELEASE.jar:2.1.6.RELEASE]
	at co.udea.ingweb.api.App.main(App.java:12) [classes/:na]
Caused by: org.springframework.beans.factory.UnsatisfiedDependencyException: Error creating bean with name 'ajusteService' defined in file [/Users/itmanager/IdeaProjects/IngWebApi/target/classes/co/udea/ingweb/api/service/AjusteService.class]: Unsatisfied dependency expressed through constructor parameter 0; nested exception is org.springframework.beans.factory.BeanCreationException: Error creating bean with name 'ajusteRepository': Invocation of init method failed; nested exception is java.lang.IllegalArgumentException: Not a managed type: class co.udea.ingweb.api.model.Ajuste
	at org.springframework.beans.factory.support.ConstructorResolver.createArgumentArray(ConstructorResolver.java:769) ~[spring-beans-5.1.8.RELEASE.jar:5.1.8.RELEASE]
	at org.springframework.beans.factory.support.ConstructorResolver.autowireConstructor(ConstructorResolver.java:218) ~[spring-beans-5.1.8.RELEASE.jar:5.1.8.RELEASE]
	at org.springframework.beans.factory.support.AbstractAutowireCapableBeanFactory.autowireConstructor(AbstractAutowireCapableBeanFactory.java:1341) ~[spring-beans-5.1.8.RELEASE.jar:5.1.8.RELEASE]
	at org.springframework.beans.factory.support.AbstractAutowireCapableBeanFactory.createBeanInstance(AbstractAutowireCapableBeanFactory.java:1187) ~[spring-beans-5.1.8.RELEASE.jar:5.1.8.RELEASE]
	at org.springframework.beans.factory.support.AbstractAutowireCapableBeanFactory.doCreateBean(AbstractAutowireCapableBeanFactory.java:555) ~[spring-beans-5.1.8.RELEASE.jar:5.1.8.RELEASE]
	at org.springframework.beans.factory.support.AbstractAutowireCapableBeanFactory.createBean(AbstractAutowireCapableBeanFactory.java:515) ~[spring-beans-5.1.8.RELEASE.jar:5.1.8.RELEASE]
	at org.springframework.beans.factory.support.AbstractBeanFactory.lambda$doGetBean$0(AbstractBeanFactory.java:320) ~[spring-beans-5.1.8.RELEASE.jar:5.1.8.RELEASE]
	at org.springframework.beans.factory.support.DefaultSingletonBeanRegistry.getSingleton(DefaultSingletonBeanRegistry.java:222) ~[spring-beans-5.1.8.RELEASE.jar:5.1.8.RELEASE]
	at org.springframework.beans.factory.support.AbstractBeanFactory.doGetBean(AbstractBeanFactory.java:318) ~[spring-beans-5.1.8.RELEASE.jar:5.1.8.RELEASE]
	at org.springframework.beans.factory.support.AbstractBeanFactory.getBean(AbstractBeanFactory.java:199) ~[spring-beans-5.1.8.RELEASE.jar:5.1.8.RELEASE]
	at org.springframework.beans.factory.config.DependencyDescriptor.resolveCandidate(DependencyDescriptor.java:277) ~[spring-beans-5.1.8.RELEASE.jar:5.1.8.RELEASE]
	at org.springframework.beans.factory.support.DefaultListableBeanFactory.doResolveDependency(DefaultListableBeanFactory.java:1251) ~[spring-beans-5.1.8.RELEASE.jar:5.1.8.RELEASE]
	at org.springframework.beans.factory.support.DefaultListableBeanFactory.resolveDependency(DefaultListableBeanFactory.java:1171) ~[spring-beans-5.1.8.RELEASE.jar:5.1.8.RELEASE]
	at org.springframework.beans.factory.support.ConstructorResolver.resolveAutowiredArgument(ConstructorResolver.java:857) ~[spring-beans-5.1.8.RELEASE.jar:5.1.8.RELEASE]
	at org.springframework.beans.factory.support.ConstructorResolver.createArgumentArray(ConstructorResolver.java:760) ~[spring-beans-5.1.8.RELEASE.jar:5.1.8.RELEASE]
	... 19 common frames omitted
Caused by: org.springframework.beans.factory.BeanCreationException: Error creating bean with name 'ajusteRepository': Invocation of init method failed; nested exception is java.lang.IllegalArgumentException: Not a managed type: class co.udea.ingweb.api.model.Ajuste
	at org.springframework.beans.factory.support.AbstractAutowireCapableBeanFactory.initializeBean(AbstractAutowireCapableBeanFactory.java:1778) ~[spring-beans-5.1.8.RELEASE.jar:5.1.8.RELEASE]
	at org.springframework.beans.factory.support.AbstractAutowireCapableBeanFactory.doCreateBean(AbstractAutowireCapableBeanFactory.java:593) ~[spring-beans-5.1.8.RELEASE.jar:5.1.8.RELEASE]
	at org.springframework.beans.factory.support.AbstractAutowireCapableBeanFactory.createBean(AbstractAutowireCapableBeanFactory.java:515) ~[spring-beans-5.1.8.RELEASE.jar:5.1.8.RELEASE]
	at org.springframework.beans.factory.support.AbstractBeanFactory.lambda$doGetBean$0(AbstractBeanFactory.java:320) ~[spring-beans-5.1.8.RELEASE.jar:5.1.8.RELEASE]
	at org.springframework.beans.factory.support.DefaultSingletonBeanRegistry.getSingleton(DefaultSingletonBeanRegistry.java:222) ~[spring-beans-5.1.8.RELEASE.jar:5.1.8.RELEASE]
	at org.springframework.beans.factory.support.AbstractBeanFactory.doGetBean(AbstractBeanFactory.java:318) ~[spring-beans-5.1.8.RELEASE.jar:5.1.8.RELEASE]
	at org.springframework.beans.factory.support.AbstractBeanFactory.getBean(AbstractBeanFactory.java:199) ~[spring-beans-5.1.8.RELEASE.jar:5.1.8.RELEASE]
	at org.springframework.beans.factory.config.DependencyDescriptor.resolveCandidate(DependencyDescriptor.java:277) ~[spring-beans-5.1.8.RELEASE.jar:5.1.8.RELEASE]
	at org.springframework.beans.factory.support.DefaultListableBeanFactory.doResolveDependency(DefaultListableBeanFactory.java:1251) ~[spring-beans-5.1.8.RELEASE.jar:5.1.8.RELEASE]
	at org.springframework.beans.factory.support.DefaultListableBeanFactory.resolveDependency(DefaultListableBeanFactory.java:1171) ~[spring-beans-5.1.8.RELEASE.jar:5.1.8.RELEASE]
	at org.springframework.beans.factory.support.ConstructorResolver.resolveAutowiredArgument(ConstructorResolver.java:857) ~[spring-beans-5.1.8.RELEASE.jar:5.1.8.RELEASE]
	at org.springframework.beans.factory.support.ConstructorResolver.createArgumentArray(ConstructorResolver.java:760) ~[spring-beans-5.1.8.RELEASE.jar:5.1.8.RELEASE]
	... 33 common frames omitted
Caused by: java.lang.IllegalArgumentException: Not a managed type: class co.udea.ingweb.api.model.Ajuste
	at org.hibernate.metamodel.internal.MetamodelImpl.managedType(MetamodelImpl.java:552) ~[hibernate-core-5.3.10.Final.jar:5.3.10.Final]
	at org.springframework.data.jpa.repository.support.JpaMetamodelEntityInformation.<init>(JpaMetamodelEntityInformation.java:74) ~[spring-data-jpa-2.1.9.RELEASE.jar:2.1.9.RELEASE]
	at org.springframework.data.jpa.repository.support.JpaEntityInformationSupport.getEntityInformation(JpaEntityInformationSupport.java:66) ~[spring-data-jpa-2.1.9.RELEASE.jar:2.1.9.RELEASE]
	at org.springframework.data.jpa.repository.support.JpaRepositoryFactory.getEntityInformation(JpaRepositoryFactory.java:201) ~[spring-data-jpa-2.1.9.RELEASE.jar:2.1.9.RELEASE]
	at org.springframework.data.jpa.repository.support.JpaRepositoryFactory.getTargetRepository(JpaRepositoryFactory.java:151) ~[spring-data-jpa-2.1.9.RELEASE.jar:2.1.9.RELEASE]
	at org.springframework.data.jpa.repository.support.JpaRepositoryFactory.getTargetRepository(JpaRepositoryFactory.java:134) ~[spring-data-jpa-2.1.9.RELEASE.jar:2.1.9.RELEASE]
	at org.springframework.data.jpa.repository.support.JpaRepositoryFactory.getTargetRepository(JpaRepositoryFactory.java:65) ~[spring-data-jpa-2.1.9.RELEASE.jar:2.1.9.RELEASE]
	at org.springframework.data.repository.core.support.RepositoryFactorySupport.getRepository(RepositoryFactorySupport.java:305) ~[spring-data-commons-2.1.9.RELEASE.jar:2.1.9.RELEASE]
	at org.springframework.data.repository.core.support.RepositoryFactoryBeanSupport.lambda$afterPropertiesSet$5(RepositoryFactoryBeanSupport.java:297) ~[spring-data-commons-2.1.9.RELEASE.jar:2.1.9.RELEASE]
	at org.springframework.data.util.Lazy.getNullable(Lazy.java:211) ~[spring-data-commons-2.1.9.RELEASE.jar:2.1.9.RELEASE]
	at org.springframework.data.util.Lazy.get(Lazy.java:94) ~[spring-data-commons-2.1.9.RELEASE.jar:2.1.9.RELEASE]
	at org.springframework.data.repository.core.support.RepositoryFactoryBeanSupport.afterPropertiesSet(RepositoryFactoryBeanSupport.java:300) ~[spring-data-commons-2.1.9.RELEASE.jar:2.1.9.RELEASE]
	at org.springframework.data.jpa.repository.support.JpaRepositoryFactoryBean.afterPropertiesSet(JpaRepositoryFactoryBean.java:121) ~[spring-data-jpa-2.1.9.RELEASE.jar:2.1.9.RELEASE]
	at org.springframework.beans.factory.support.AbstractAutowireCapableBeanFactory.invokeInitMethods(AbstractAutowireCapableBeanFactory.java:1837) ~[spring-beans-5.1.8.RELEASE.jar:5.1.8.RELEASE]
	at org.springframework.beans.factory.support.AbstractAutowireCapableBeanFactory.initializeBean(AbstractAutowireCapableBeanFactory.java:1774) ~[spring-beans-5.1.8.RELEASE.jar:5.1.8.RELEASE]
	... 44 common frames omitted

2020-04-10 11:02:33.057  INFO 1343 --- [main] co.udea.ingweb.api.App                   : Starting App on Carloss-MacBook-Pro.local with PID 1343 (/Users/itmanager/IdeaProjects/IngWebApi/target/classes started by itmanager in /Users/itmanager/IdeaProjects/IngWebApi)
2020-04-10 11:02:33.060  INFO 1343 --- [main] co.udea.ingweb.api.App                   : The following profiles are active: heroku2
2020-04-10 11:02:35.039  INFO 1343 --- [main] .s.d.r.c.RepositoryConfigurationDelegate : Bootstrapping Spring Data repositories in DEFAULT mode.
2020-04-10 11:02:35.190  INFO 1343 --- [main] .s.d.r.c.RepositoryConfigurationDelegate : Finished Spring Data repository scanning in 135ms. Found 2 repository interfaces.
2020-04-10 11:02:36.086  INFO 1343 --- [main] trationDelegate$BeanPostProcessorChecker : Bean 'org.springframework.transaction.annotation.ProxyTransactionManagementConfiguration' of type [org.springframework.transaction.annotation.ProxyTransactionManagementConfiguration$$EnhancerBySpringCGLIB$$599d6aa2] is not eligible for getting processed by all BeanPostProcessors (for example: not eligible for auto-proxying)
2020-04-10 11:02:36.142  INFO 1343 --- [main] trationDelegate$BeanPostProcessorChecker : Bean 'org.springframework.hateoas.config.HateoasConfiguration' of type [org.springframework.hateoas.config.HateoasConfiguration$$EnhancerBySpringCGLIB$$d91db7d4] is not eligible for getting processed by all BeanPostProcessors (for example: not eligible for auto-proxying)
2020-04-10 11:02:36.892  INFO 1343 --- [main] o.s.b.w.embedded.tomcat.TomcatWebServer  : Tomcat initialized with port(s): 8080 (http)
2020-04-10 11:02:36.974  INFO 1343 --- [main] o.apache.catalina.core.StandardService   : Starting service [Tomcat]
2020-04-10 11:02:36.975  INFO 1343 --- [main] org.apache.catalina.core.StandardEngine  : Starting Servlet engine: [Apache Tomcat/9.0.21]
2020-04-10 11:02:37.356  INFO 1343 --- [main] o.a.c.c.C.[.[localhost].[/ingweb-api]    : Initializing Spring embedded WebApplicationContext
2020-04-10 11:02:37.357  INFO 1343 --- [main] o.s.web.context.ContextLoader            : Root WebApplicationContext: initialization completed in 4227 ms
2020-04-10 11:02:37.833  INFO 1343 --- [main] com.zaxxer.hikari.HikariDataSource       : HikariPool-1 - Starting...
2020-04-10 11:02:39.195  INFO 1343 --- [main] com.zaxxer.hikari.HikariDataSource       : HikariPool-1 - Start completed.
2020-04-10 11:02:39.380  INFO 1343 --- [main] o.hibernate.jpa.internal.util.LogHelper  : HHH000204: Processing PersistenceUnitInfo [
	name: default
	...]
2020-04-10 11:02:39.553  INFO 1343 --- [main] org.hibernate.Version                    : HHH000412: Hibernate Core {5.3.10.Final}
2020-04-10 11:02:39.556  INFO 1343 --- [main] org.hibernate.cfg.Environment            : HHH000206: hibernate.properties not found
2020-04-10 11:02:39.841  INFO 1343 --- [main] o.hibernate.annotations.common.Version   : HCANN000001: Hibernate Commons Annotations {5.0.4.Final}
2020-04-10 11:02:40.184  INFO 1343 --- [main] org.hibernate.dialect.Dialect            : HHH000400: Using dialect: org.hibernate.dialect.PostgreSQLDialect
2020-04-10 11:02:40.212  INFO 1343 --- [main] o.h.e.j.e.i.LobCreatorBuilderImpl        : HHH000422: Disabling contextual LOB creation as connection was null
2020-04-10 11:02:40.219  INFO 1343 --- [main] org.hibernate.type.BasicTypeRegistry     : HHH000270: Type registration [java.util.UUID] overrides previous : org.hibernate.type.UUIDBinaryType@31f77791
2020-04-10 11:02:40.500  WARN 1343 --- [main] ConfigServletWebServerApplicationContext : Exception encountered during context initialization - cancelling refresh attempt: org.springframework.beans.factory.BeanCreationException: Error creating bean with name 'entityManagerFactory' defined in class path resource [org/springframework/boot/autoconfigure/orm/jpa/HibernateJpaConfiguration.class]: Invocation of init method failed; nested exception is org.hibernate.AnnotationException: @OneToOne or @ManyToOne on co.udea.ingweb.api.model.Producto.categoria references an unknown entity: co.udea.ingweb.api.model.Categoria
2020-04-10 11:02:40.500  INFO 1343 --- [main] com.zaxxer.hikari.HikariDataSource       : HikariPool-1 - Shutdown initiated...
2020-04-10 11:02:40.564  INFO 1343 --- [main] com.zaxxer.hikari.HikariDataSource       : HikariPool-1 - Shutdown completed.
2020-04-10 11:02:40.570  INFO 1343 --- [main] o.apache.catalina.core.StandardService   : Stopping service [Tomcat]
2020-04-10 11:02:40.590  INFO 1343 --- [main] ConditionEvaluationReportLoggingListener : 

Error starting ApplicationContext. To display the conditions report re-run your application with 'debug' enabled.
2020-04-10 11:02:40.603 ERROR 1343 --- [main] o.s.boot.SpringApplication               : Application run failed

org.springframework.beans.factory.BeanCreationException: Error creating bean with name 'entityManagerFactory' defined in class path resource [org/springframework/boot/autoconfigure/orm/jpa/HibernateJpaConfiguration.class]: Invocation of init method failed; nested exception is org.hibernate.AnnotationException: @OneToOne or @ManyToOne on co.udea.ingweb.api.model.Producto.categoria references an unknown entity: co.udea.ingweb.api.model.Categoria
	at org.springframework.beans.factory.support.AbstractAutowireCapableBeanFactory.initializeBean(AbstractAutowireCapableBeanFactory.java:1778) ~[spring-beans-5.1.8.RELEASE.jar:5.1.8.RELEASE]
	at org.springframework.beans.factory.support.AbstractAutowireCapableBeanFactory.doCreateBean(AbstractAutowireCapableBeanFactory.java:593) ~[spring-beans-5.1.8.RELEASE.jar:5.1.8.RELEASE]
	at org.springframework.beans.factory.support.AbstractAutowireCapableBeanFactory.createBean(AbstractAutowireCapableBeanFactory.java:515) ~[spring-beans-5.1.8.RELEASE.jar:5.1.8.RELEASE]
	at org.springframework.beans.factory.support.AbstractBeanFactory.lambda$doGetBean$0(AbstractBeanFactory.java:320) ~[spring-beans-5.1.8.RELEASE.jar:5.1.8.RELEASE]
	at org.springframework.beans.factory.support.DefaultSingletonBeanRegistry.getSingleton(DefaultSingletonBeanRegistry.java:222) ~[spring-beans-5.1.8.RELEASE.jar:5.1.8.RELEASE]
	at org.springframework.beans.factory.support.AbstractBeanFactory.doGetBean(AbstractBeanFactory.java:318) ~[spring-beans-5.1.8.RELEASE.jar:5.1.8.RELEASE]
	at org.springframework.beans.factory.support.AbstractBeanFactory.getBean(AbstractBeanFactory.java:199) ~[spring-beans-5.1.8.RELEASE.jar:5.1.8.RELEASE]
	at org.springframework.context.support.AbstractApplicationContext.getBean(AbstractApplicationContext.java:1105) ~[spring-context-5.1.8.RELEASE.jar:5.1.8.RELEASE]
	at org.springframework.context.support.AbstractApplicationContext.finishBeanFactoryInitialization(AbstractApplicationContext.java:867) ~[spring-context-5.1.8.RELEASE.jar:5.1.8.RELEASE]
	at org.springframework.context.support.AbstractApplicationContext.refresh(AbstractApplicationContext.java:549) ~[spring-context-5.1.8.RELEASE.jar:5.1.8.RELEASE]
	at org.springframework.boot.web.servlet.context.ServletWebServerApplicationContext.refresh(ServletWebServerApplicationContext.java:140) ~[spring-boot-2.1.6.RELEASE.jar:2.1.6.RELEASE]
	at org.springframework.boot.SpringApplication.refresh(SpringApplication.java:742) [spring-boot-2.1.6.RELEASE.jar:2.1.6.RELEASE]
	at org.springframework.boot.SpringApplication.refreshContext(SpringApplication.java:389) [spring-boot-2.1.6.RELEASE.jar:2.1.6.RELEASE]
	at org.springframework.boot.SpringApplication.run(SpringApplication.java:311) [spring-boot-2.1.6.RELEASE.jar:2.1.6.RELEASE]
	at org.springframework.boot.SpringApplication.run(SpringApplication.java:1213) [spring-boot-2.1.6.RELEASE.jar:2.1.6.RELEASE]
	at org.springframework.boot.SpringApplication.run(SpringApplication.java:1202) [spring-boot-2.1.6.RELEASE.jar:2.1.6.RELEASE]
	at co.udea.ingweb.api.App.main(App.java:12) [classes/:na]
Caused by: org.hibernate.AnnotationException: @OneToOne or @ManyToOne on co.udea.ingweb.api.model.Producto.categoria references an unknown entity: co.udea.ingweb.api.model.Categoria
	at org.hibernate.cfg.ToOneFkSecondPass.doSecondPass(ToOneFkSecondPass.java:97) ~[hibernate-core-5.3.10.Final.jar:5.3.10.Final]
	at org.hibernate.boot.internal.InFlightMetadataCollectorImpl.processEndOfQueue(InFlightMetadataCollectorImpl.java:1827) ~[hibernate-core-5.3.10.Final.jar:5.3.10.Final]
	at org.hibernate.boot.internal.InFlightMetadataCollectorImpl.processFkSecondPassesInOrder(InFlightMetadataCollectorImpl.java:1771) ~[hibernate-core-5.3.10.Final.jar:5.3.10.Final]
	at org.hibernate.boot.internal.InFlightMetadataCollectorImpl.processSecondPasses(InFlightMetadataCollectorImpl.java:1658) ~[hibernate-core-5.3.10.Final.jar:5.3.10.Final]
	at org.hibernate.boot.model.process.spi.MetadataBuildingProcess.complete(MetadataBuildingProcess.java:287) ~[hibernate-core-5.3.10.Final.jar:5.3.10.Final]
	at org.hibernate.jpa.boot.internal.EntityManagerFactoryBuilderImpl.metadata(EntityManagerFactoryBuilderImpl.java:904) ~[hibernate-core-5.3.10.Final.jar:5.3.10.Final]
	at org.hibernate.jpa.boot.internal.EntityManagerFactoryBuilderImpl.build(EntityManagerFactoryBuilderImpl.java:935) ~[hibernate-core-5.3.10.Final.jar:5.3.10.Final]
	at org.springframework.orm.jpa.vendor.SpringHibernateJpaPersistenceProvider.createContainerEntityManagerFactory(SpringHibernateJpaPersistenceProvider.java:57) ~[spring-orm-5.1.8.RELEASE.jar:5.1.8.RELEASE]
	at org.springframework.orm.jpa.LocalContainerEntityManagerFactoryBean.createNativeEntityManagerFactory(LocalContainerEntityManagerFactoryBean.java:365) ~[spring-orm-5.1.8.RELEASE.jar:5.1.8.RELEASE]
	at org.springframework.orm.jpa.AbstractEntityManagerFactoryBean.buildNativeEntityManagerFactory(AbstractEntityManagerFactoryBean.java:390) ~[spring-orm-5.1.8.RELEASE.jar:5.1.8.RELEASE]
	at org.springframework.orm.jpa.AbstractEntityManagerFactoryBean.afterPropertiesSet(AbstractEntityManagerFactoryBean.java:377) ~[spring-orm-5.1.8.RELEASE.jar:5.1.8.RELEASE]
	at org.springframework.orm.jpa.LocalContainerEntityManagerFactoryBean.afterPropertiesSet(LocalContainerEntityManagerFactoryBean.java:341) ~[spring-orm-5.1.8.RELEASE.jar:5.1.8.RELEASE]
	at org.springframework.beans.factory.support.AbstractAutowireCapableBeanFactory.invokeInitMethods(AbstractAutowireCapableBeanFactory.java:1837) ~[spring-beans-5.1.8.RELEASE.jar:5.1.8.RELEASE]
	at org.springframework.beans.factory.support.AbstractAutowireCapableBeanFactory.initializeBean(AbstractAutowireCapableBeanFactory.java:1774) ~[spring-beans-5.1.8.RELEASE.jar:5.1.8.RELEASE]
	... 16 common frames omitted

2020-04-10 11:04:28.623  INFO 1355 --- [main] co.udea.ingweb.api.App                   : Starting App on Carloss-MacBook-Pro.local with PID 1355 (/Users/itmanager/IdeaProjects/IngWebApi/target/classes started by itmanager in /Users/itmanager/IdeaProjects/IngWebApi)
2020-04-10 11:04:28.627  INFO 1355 --- [main] co.udea.ingweb.api.App                   : The following profiles are active: heroku2
2020-04-10 11:04:30.452  INFO 1355 --- [main] .s.d.r.c.RepositoryConfigurationDelegate : Bootstrapping Spring Data repositories in DEFAULT mode.
2020-04-10 11:04:30.590  INFO 1355 --- [main] .s.d.r.c.RepositoryConfigurationDelegate : Finished Spring Data repository scanning in 120ms. Found 2 repository interfaces.
2020-04-10 11:04:31.587  INFO 1355 --- [main] trationDelegate$BeanPostProcessorChecker : Bean 'org.springframework.transaction.annotation.ProxyTransactionManagementConfiguration' of type [org.springframework.transaction.annotation.ProxyTransactionManagementConfiguration$$EnhancerBySpringCGLIB$$d32ad0dc] is not eligible for getting processed by all BeanPostProcessors (for example: not eligible for auto-proxying)
2020-04-10 11:04:31.640  INFO 1355 --- [main] trationDelegate$BeanPostProcessorChecker : Bean 'org.springframework.hateoas.config.HateoasConfiguration' of type [org.springframework.hateoas.config.HateoasConfiguration$$EnhancerBySpringCGLIB$$52ab1e0e] is not eligible for getting processed by all BeanPostProcessors (for example: not eligible for auto-proxying)
2020-04-10 11:04:32.512  INFO 1355 --- [main] o.s.b.w.embedded.tomcat.TomcatWebServer  : Tomcat initialized with port(s): 8080 (http)
2020-04-10 11:04:32.587  INFO 1355 --- [main] o.apache.catalina.core.StandardService   : Starting service [Tomcat]
2020-04-10 11:04:32.587  INFO 1355 --- [main] org.apache.catalina.core.StandardEngine  : Starting Servlet engine: [Apache Tomcat/9.0.21]
2020-04-10 11:04:32.963  INFO 1355 --- [main] o.a.c.c.C.[.[localhost].[/ingweb-api]    : Initializing Spring embedded WebApplicationContext
2020-04-10 11:04:32.964  INFO 1355 --- [main] o.s.web.context.ContextLoader            : Root WebApplicationContext: initialization completed in 4264 ms
2020-04-10 11:04:33.429  INFO 1355 --- [main] com.zaxxer.hikari.HikariDataSource       : HikariPool-1 - Starting...
2020-04-10 11:04:34.912  INFO 1355 --- [main] com.zaxxer.hikari.HikariDataSource       : HikariPool-1 - Start completed.
2020-04-10 11:04:35.070  INFO 1355 --- [main] o.hibernate.jpa.internal.util.LogHelper  : HHH000204: Processing PersistenceUnitInfo [
	name: default
	...]
2020-04-10 11:04:35.209  INFO 1355 --- [main] org.hibernate.Version                    : HHH000412: Hibernate Core {5.3.10.Final}
2020-04-10 11:04:35.212  INFO 1355 --- [main] org.hibernate.cfg.Environment            : HHH000206: hibernate.properties not found
2020-04-10 11:04:35.544  INFO 1355 --- [main] o.hibernate.annotations.common.Version   : HCANN000001: Hibernate Commons Annotations {5.0.4.Final}
2020-04-10 11:04:35.892  INFO 1355 --- [main] org.hibernate.dialect.Dialect            : HHH000400: Using dialect: org.hibernate.dialect.PostgreSQLDialect
2020-04-10 11:04:35.922  INFO 1355 --- [main] o.h.e.j.e.i.LobCreatorBuilderImpl        : HHH000422: Disabling contextual LOB creation as connection was null
2020-04-10 11:04:35.931  INFO 1355 --- [main] org.hibernate.type.BasicTypeRegistry     : HHH000270: Type registration [java.util.UUID] overrides previous : org.hibernate.type.UUIDBinaryType@5bc63e20
2020-04-10 11:04:36.986  INFO 1355 --- [main] j.LocalContainerEntityManagerFactoryBean : Initialized JPA EntityManagerFactory for persistence unit 'default'
2020-04-10 11:04:37.763  WARN 1355 --- [main] ConfigServletWebServerApplicationContext : Exception encountered during context initialization - cancelling refresh attempt: org.springframework.beans.factory.UnsatisfiedDependencyException: Error creating bean with name 'ajusteController' defined in file [/Users/itmanager/IdeaProjects/IngWebApi/target/classes/co/udea/ingweb/api/controller/AjusteController.class]: Unsatisfied dependency expressed through constructor parameter 0; nested exception is org.springframework.beans.factory.UnsatisfiedDependencyException: Error creating bean with name 'ajusteService' defined in file [/Users/itmanager/IdeaProjects/IngWebApi/target/classes/co/udea/ingweb/api/service/AjusteService.class]: Unsatisfied dependency expressed through constructor parameter 1; nested exception is org.springframework.beans.factory.BeanCreationException: Error creating bean with name 'productoRepository': Invocation of init method failed; nested exception is java.lang.IllegalArgumentException: Failed to create query for method public abstract co.udea.ingweb.api.model.Producto co.udea.ingweb.api.repository.ProductoRepository.findByNameEquals(java.lang.String)! No property name found for type Producto!
2020-04-10 11:04:37.765  INFO 1355 --- [main] j.LocalContainerEntityManagerFactoryBean : Closing JPA EntityManagerFactory for persistence unit 'default'
2020-04-10 11:04:37.769  INFO 1355 --- [main] com.zaxxer.hikari.HikariDataSource       : HikariPool-1 - Shutdown initiated...
2020-04-10 11:04:38.169  INFO 1355 --- [main] com.zaxxer.hikari.HikariDataSource       : HikariPool-1 - Shutdown completed.
2020-04-10 11:04:38.173  INFO 1355 --- [main] o.apache.catalina.core.StandardService   : Stopping service [Tomcat]
2020-04-10 11:04:38.192  INFO 1355 --- [main] ConditionEvaluationReportLoggingListener : 

Error starting ApplicationContext. To display the conditions report re-run your application with 'debug' enabled.
2020-04-10 11:04:38.207 ERROR 1355 --- [main] o.s.boot.SpringApplication               : Application run failed

org.springframework.beans.factory.UnsatisfiedDependencyException: Error creating bean with name 'ajusteController' defined in file [/Users/itmanager/IdeaProjects/IngWebApi/target/classes/co/udea/ingweb/api/controller/AjusteController.class]: Unsatisfied dependency expressed through constructor parameter 0; nested exception is org.springframework.beans.factory.UnsatisfiedDependencyException: Error creating bean with name 'ajusteService' defined in file [/Users/itmanager/IdeaProjects/IngWebApi/target/classes/co/udea/ingweb/api/service/AjusteService.class]: Unsatisfied dependency expressed through constructor parameter 1; nested exception is org.springframework.beans.factory.BeanCreationException: Error creating bean with name 'productoRepository': Invocation of init method failed; nested exception is java.lang.IllegalArgumentException: Failed to create query for method public abstract co.udea.ingweb.api.model.Producto co.udea.ingweb.api.repository.ProductoRepository.findByNameEquals(java.lang.String)! No property name found for type Producto!
	at org.springframework.beans.factory.support.ConstructorResolver.createArgumentArray(ConstructorResolver.java:769) ~[spring-beans-5.1.8.RELEASE.jar:5.1.8.RELEASE]
	at org.springframework.beans.factory.support.ConstructorResolver.autowireConstructor(ConstructorResolver.java:218) ~[spring-beans-5.1.8.RELEASE.jar:5.1.8.RELEASE]
	at org.springframework.beans.factory.support.AbstractAutowireCapableBeanFactory.autowireConstructor(AbstractAutowireCapableBeanFactory.java:1341) ~[spring-beans-5.1.8.RELEASE.jar:5.1.8.RELEASE]
	at org.springframework.beans.factory.support.AbstractAutowireCapableBeanFactory.createBeanInstance(AbstractAutowireCapableBeanFactory.java:1187) ~[spring-beans-5.1.8.RELEASE.jar:5.1.8.RELEASE]
	at org.springframework.beans.factory.support.AbstractAutowireCapableBeanFactory.doCreateBean(AbstractAutowireCapableBeanFactory.java:555) ~[spring-beans-5.1.8.RELEASE.jar:5.1.8.RELEASE]
	at org.springframework.beans.factory.support.AbstractAutowireCapableBeanFactory.createBean(AbstractAutowireCapableBeanFactory.java:515) ~[spring-beans-5.1.8.RELEASE.jar:5.1.8.RELEASE]
	at org.springframework.beans.factory.support.AbstractBeanFactory.lambda$doGetBean$0(AbstractBeanFactory.java:320) ~[spring-beans-5.1.8.RELEASE.jar:5.1.8.RELEASE]
	at org.springframework.beans.factory.support.DefaultSingletonBeanRegistry.getSingleton(DefaultSingletonBeanRegistry.java:222) ~[spring-beans-5.1.8.RELEASE.jar:5.1.8.RELEASE]
	at org.springframework.beans.factory.support.AbstractBeanFactory.doGetBean(AbstractBeanFactory.java:318) ~[spring-beans-5.1.8.RELEASE.jar:5.1.8.RELEASE]
	at org.springframework.beans.factory.support.AbstractBeanFactory.getBean(AbstractBeanFactory.java:199) ~[spring-beans-5.1.8.RELEASE.jar:5.1.8.RELEASE]
	at org.springframework.beans.factory.support.DefaultListableBeanFactory.preInstantiateSingletons(DefaultListableBeanFactory.java:845) ~[spring-beans-5.1.8.RELEASE.jar:5.1.8.RELEASE]
	at org.springframework.context.support.AbstractApplicationContext.finishBeanFactoryInitialization(AbstractApplicationContext.java:877) ~[spring-context-5.1.8.RELEASE.jar:5.1.8.RELEASE]
	at org.springframework.context.support.AbstractApplicationContext.refresh(AbstractApplicationContext.java:549) ~[spring-context-5.1.8.RELEASE.jar:5.1.8.RELEASE]
	at org.springframework.boot.web.servlet.context.ServletWebServerApplicationContext.refresh(ServletWebServerApplicationContext.java:140) ~[spring-boot-2.1.6.RELEASE.jar:2.1.6.RELEASE]
	at org.springframework.boot.SpringApplication.refresh(SpringApplication.java:742) [spring-boot-2.1.6.RELEASE.jar:2.1.6.RELEASE]
	at org.springframework.boot.SpringApplication.refreshContext(SpringApplication.java:389) [spring-boot-2.1.6.RELEASE.jar:2.1.6.RELEASE]
	at org.springframework.boot.SpringApplication.run(SpringApplication.java:311) [spring-boot-2.1.6.RELEASE.jar:2.1.6.RELEASE]
	at org.springframework.boot.SpringApplication.run(SpringApplication.java:1213) [spring-boot-2.1.6.RELEASE.jar:2.1.6.RELEASE]
	at org.springframework.boot.SpringApplication.run(SpringApplication.java:1202) [spring-boot-2.1.6.RELEASE.jar:2.1.6.RELEASE]
	at co.udea.ingweb.api.App.main(App.java:12) [classes/:na]
Caused by: org.springframework.beans.factory.UnsatisfiedDependencyException: Error creating bean with name 'ajusteService' defined in file [/Users/itmanager/IdeaProjects/IngWebApi/target/classes/co/udea/ingweb/api/service/AjusteService.class]: Unsatisfied dependency expressed through constructor parameter 1; nested exception is org.springframework.beans.factory.BeanCreationException: Error creating bean with name 'productoRepository': Invocation of init method failed; nested exception is java.lang.IllegalArgumentException: Failed to create query for method public abstract co.udea.ingweb.api.model.Producto co.udea.ingweb.api.repository.ProductoRepository.findByNameEquals(java.lang.String)! No property name found for type Producto!
	at org.springframework.beans.factory.support.ConstructorResolver.createArgumentArray(ConstructorResolver.java:769) ~[spring-beans-5.1.8.RELEASE.jar:5.1.8.RELEASE]
	at org.springframework.beans.factory.support.ConstructorResolver.autowireConstructor(ConstructorResolver.java:218) ~[spring-beans-5.1.8.RELEASE.jar:5.1.8.RELEASE]
	at org.springframework.beans.factory.support.AbstractAutowireCapableBeanFactory.autowireConstructor(AbstractAutowireCapableBeanFactory.java:1341) ~[spring-beans-5.1.8.RELEASE.jar:5.1.8.RELEASE]
	at org.springframework.beans.factory.support.AbstractAutowireCapableBeanFactory.createBeanInstance(AbstractAutowireCapableBeanFactory.java:1187) ~[spring-beans-5.1.8.RELEASE.jar:5.1.8.RELEASE]
	at org.springframework.beans.factory.support.AbstractAutowireCapableBeanFactory.doCreateBean(AbstractAutowireCapableBeanFactory.java:555) ~[spring-beans-5.1.8.RELEASE.jar:5.1.8.RELEASE]
	at org.springframework.beans.factory.support.AbstractAutowireCapableBeanFactory.createBean(AbstractAutowireCapableBeanFactory.java:515) ~[spring-beans-5.1.8.RELEASE.jar:5.1.8.RELEASE]
	at org.springframework.beans.factory.support.AbstractBeanFactory.lambda$doGetBean$0(AbstractBeanFactory.java:320) ~[spring-beans-5.1.8.RELEASE.jar:5.1.8.RELEASE]
	at org.springframework.beans.factory.support.DefaultSingletonBeanRegistry.getSingleton(DefaultSingletonBeanRegistry.java:222) ~[spring-beans-5.1.8.RELEASE.jar:5.1.8.RELEASE]
	at org.springframework.beans.factory.support.AbstractBeanFactory.doGetBean(AbstractBeanFactory.java:318) ~[spring-beans-5.1.8.RELEASE.jar:5.1.8.RELEASE]
	at org.springframework.beans.factory.support.AbstractBeanFactory.getBean(AbstractBeanFactory.java:199) ~[spring-beans-5.1.8.RELEASE.jar:5.1.8.RELEASE]
	at org.springframework.beans.factory.config.DependencyDescriptor.resolveCandidate(DependencyDescriptor.java:277) ~[spring-beans-5.1.8.RELEASE.jar:5.1.8.RELEASE]
	at org.springframework.beans.factory.support.DefaultListableBeanFactory.doResolveDependency(DefaultListableBeanFactory.java:1251) ~[spring-beans-5.1.8.RELEASE.jar:5.1.8.RELEASE]
	at org.springframework.beans.factory.support.DefaultListableBeanFactory.resolveDependency(DefaultListableBeanFactory.java:1171) ~[spring-beans-5.1.8.RELEASE.jar:5.1.8.RELEASE]
	at org.springframework.beans.factory.support.ConstructorResolver.resolveAutowiredArgument(ConstructorResolver.java:857) ~[spring-beans-5.1.8.RELEASE.jar:5.1.8.RELEASE]
	at org.springframework.beans.factory.support.ConstructorResolver.createArgumentArray(ConstructorResolver.java:760) ~[spring-beans-5.1.8.RELEASE.jar:5.1.8.RELEASE]
	... 19 common frames omitted
Caused by: org.springframework.beans.factory.BeanCreationException: Error creating bean with name 'productoRepository': Invocation of init method failed; nested exception is java.lang.IllegalArgumentException: Failed to create query for method public abstract co.udea.ingweb.api.model.Producto co.udea.ingweb.api.repository.ProductoRepository.findByNameEquals(java.lang.String)! No property name found for type Producto!
	at org.springframework.beans.factory.support.AbstractAutowireCapableBeanFactory.initializeBean(AbstractAutowireCapableBeanFactory.java:1778) ~[spring-beans-5.1.8.RELEASE.jar:5.1.8.RELEASE]
	at org.springframework.beans.factory.support.AbstractAutowireCapableBeanFactory.doCreateBean(AbstractAutowireCapableBeanFactory.java:593) ~[spring-beans-5.1.8.RELEASE.jar:5.1.8.RELEASE]
	at org.springframework.beans.factory.support.AbstractAutowireCapableBeanFactory.createBean(AbstractAutowireCapableBeanFactory.java:515) ~[spring-beans-5.1.8.RELEASE.jar:5.1.8.RELEASE]
	at org.springframework.beans.factory.support.AbstractBeanFactory.lambda$doGetBean$0(AbstractBeanFactory.java:320) ~[spring-beans-5.1.8.RELEASE.jar:5.1.8.RELEASE]
	at org.springframework.beans.factory.support.DefaultSingletonBeanRegistry.getSingleton(DefaultSingletonBeanRegistry.java:222) ~[spring-beans-5.1.8.RELEASE.jar:5.1.8.RELEASE]
	at org.springframework.beans.factory.support.AbstractBeanFactory.doGetBean(AbstractBeanFactory.java:318) ~[spring-beans-5.1.8.RELEASE.jar:5.1.8.RELEASE]
	at org.springframework.beans.factory.support.AbstractBeanFactory.getBean(AbstractBeanFactory.java:199) ~[spring-beans-5.1.8.RELEASE.jar:5.1.8.RELEASE]
	at org.springframework.beans.factory.config.DependencyDescriptor.resolveCandidate(DependencyDescriptor.java:277) ~[spring-beans-5.1.8.RELEASE.jar:5.1.8.RELEASE]
	at org.springframework.beans.factory.support.DefaultListableBeanFactory.doResolveDependency(DefaultListableBeanFactory.java:1251) ~[spring-beans-5.1.8.RELEASE.jar:5.1.8.RELEASE]
	at org.springframework.beans.factory.support.DefaultListableBeanFactory.resolveDependency(DefaultListableBeanFactory.java:1171) ~[spring-beans-5.1.8.RELEASE.jar:5.1.8.RELEASE]
	at org.springframework.beans.factory.support.ConstructorResolver.resolveAutowiredArgument(ConstructorResolver.java:857) ~[spring-beans-5.1.8.RELEASE.jar:5.1.8.RELEASE]
	at org.springframework.beans.factory.support.ConstructorResolver.createArgumentArray(ConstructorResolver.java:760) ~[spring-beans-5.1.8.RELEASE.jar:5.1.8.RELEASE]
	... 33 common frames omitted
Caused by: java.lang.IllegalArgumentException: Failed to create query for method public abstract co.udea.ingweb.api.model.Producto co.udea.ingweb.api.repository.ProductoRepository.findByNameEquals(java.lang.String)! No property name found for type Producto!
	at org.springframework.data.jpa.repository.query.PartTreeJpaQuery.<init>(PartTreeJpaQuery.java:84) ~[spring-data-jpa-2.1.9.RELEASE.jar:2.1.9.RELEASE]
	at org.springframework.data.jpa.repository.query.JpaQueryLookupStrategy$CreateQueryLookupStrategy.resolveQuery(JpaQueryLookupStrategy.java:106) ~[spring-data-jpa-2.1.9.RELEASE.jar:2.1.9.RELEASE]
	at org.springframework.data.jpa.repository.query.JpaQueryLookupStrategy$CreateIfNotFoundQueryLookupStrategy.resolveQuery(JpaQueryLookupStrategy.java:211) ~[spring-data-jpa-2.1.9.RELEASE.jar:2.1.9.RELEASE]
	at org.springframework.data.jpa.repository.query.JpaQueryLookupStrategy$AbstractQueryLookupStrategy.resolveQuery(JpaQueryLookupStrategy.java:79) ~[spring-data-jpa-2.1.9.RELEASE.jar:2.1.9.RELEASE]
	at org.springframework.data.repository.core.support.RepositoryFactorySupport$QueryExecutorMethodInterceptor.lookupQuery(RepositoryFactorySupport.java:566) ~[spring-data-commons-2.1.9.RELEASE.jar:2.1.9.RELEASE]
	at org.springframework.data.repository.core.support.RepositoryFactorySupport$QueryExecutorMethodInterceptor.lambda$mapMethodsToQuery$1(RepositoryFactorySupport.java:559) ~[spring-data-commons-2.1.9.RELEASE.jar:2.1.9.RELEASE]
	at java.util.stream.ReferencePipeline$3$1.accept(ReferencePipeline.java:193) ~[na:1.8.0_191]
	at java.util.Iterator.forEachRemaining(Iterator.java:116) ~[na:1.8.0_191]
	at java.util.Collections$UnmodifiableCollection$1.forEachRemaining(Collections.java:1049) ~[na:1.8.0_191]
	at java.util.Spliterators$IteratorSpliterator.forEachRemaining(Spliterators.java:1801) ~[na:1.8.0_191]
	at java.util.stream.AbstractPipeline.copyInto(AbstractPipeline.java:481) ~[na:1.8.0_191]
	at java.util.stream.AbstractPipeline.wrapAndCopyInto(AbstractPipeline.java:471) ~[na:1.8.0_191]
	at java.util.stream.ReduceOps$ReduceOp.evaluateSequential(ReduceOps.java:708) ~[na:1.8.0_191]
	at java.util.stream.AbstractPipeline.evaluate(AbstractPipeline.java:234) ~[na:1.8.0_191]
	at java.util.stream.ReferencePipeline.collect(ReferencePipeline.java:499) ~[na:1.8.0_191]
	at org.springframework.data.repository.core.support.RepositoryFactorySupport$QueryExecutorMethodInterceptor.mapMethodsToQuery(RepositoryFactorySupport.java:561) ~[spring-data-commons-2.1.9.RELEASE.jar:2.1.9.RELEASE]
	at org.springframework.data.repository.core.support.RepositoryFactorySupport$QueryExecutorMethodInterceptor.lambda$new$0(RepositoryFactorySupport.java:551) ~[spring-data-commons-2.1.9.RELEASE.jar:2.1.9.RELEASE]
	at java.util.Optional.map(Optional.java:215) ~[na:1.8.0_191]
	at org.springframework.data.repository.core.support.RepositoryFactorySupport$QueryExecutorMethodInterceptor.<init>(RepositoryFactorySupport.java:551) ~[spring-data-commons-2.1.9.RELEASE.jar:2.1.9.RELEASE]
	at org.springframework.data.repository.core.support.RepositoryFactorySupport.getRepository(RepositoryFactorySupport.java:324) ~[spring-data-commons-2.1.9.RELEASE.jar:2.1.9.RELEASE]
	at org.springframework.data.repository.core.support.RepositoryFactoryBeanSupport.lambda$afterPropertiesSet$5(RepositoryFactoryBeanSupport.java:297) ~[spring-data-commons-2.1.9.RELEASE.jar:2.1.9.RELEASE]
	at org.springframework.data.util.Lazy.getNullable(Lazy.java:211) ~[spring-data-commons-2.1.9.RELEASE.jar:2.1.9.RELEASE]
	at org.springframework.data.util.Lazy.get(Lazy.java:94) ~[spring-data-commons-2.1.9.RELEASE.jar:2.1.9.RELEASE]
	at org.springframework.data.repository.core.support.RepositoryFactoryBeanSupport.afterPropertiesSet(RepositoryFactoryBeanSupport.java:300) ~[spring-data-commons-2.1.9.RELEASE.jar:2.1.9.RELEASE]
	at org.springframework.data.jpa.repository.support.JpaRepositoryFactoryBean.afterPropertiesSet(JpaRepositoryFactoryBean.java:121) ~[spring-data-jpa-2.1.9.RELEASE.jar:2.1.9.RELEASE]
	at org.springframework.beans.factory.support.AbstractAutowireCapableBeanFactory.invokeInitMethods(AbstractAutowireCapableBeanFactory.java:1837) ~[spring-beans-5.1.8.RELEASE.jar:5.1.8.RELEASE]
	at org.springframework.beans.factory.support.AbstractAutowireCapableBeanFactory.initializeBean(AbstractAutowireCapableBeanFactory.java:1774) ~[spring-beans-5.1.8.RELEASE.jar:5.1.8.RELEASE]
	... 44 common frames omitted
Caused by: org.springframework.data.mapping.PropertyReferenceException: No property name found for type Producto!
	at org.springframework.data.mapping.PropertyPath.<init>(PropertyPath.java:94) ~[spring-data-commons-2.1.9.RELEASE.jar:2.1.9.RELEASE]
	at org.springframework.data.mapping.PropertyPath.create(PropertyPath.java:382) ~[spring-data-commons-2.1.9.RELEASE.jar:2.1.9.RELEASE]
	at org.springframework.data.mapping.PropertyPath.create(PropertyPath.java:358) ~[spring-data-commons-2.1.9.RELEASE.jar:2.1.9.RELEASE]
	at org.springframework.data.mapping.PropertyPath.lambda$from$0(PropertyPath.java:311) ~[spring-data-commons-2.1.9.RELEASE.jar:2.1.9.RELEASE]
	at java.util.concurrent.ConcurrentMap.computeIfAbsent(ConcurrentMap.java:324) ~[na:1.8.0_191]
	at org.springframework.data.mapping.PropertyPath.from(PropertyPath.java:293) ~[spring-data-commons-2.1.9.RELEASE.jar:2.1.9.RELEASE]
	at org.springframework.data.mapping.PropertyPath.from(PropertyPath.java:276) ~[spring-data-commons-2.1.9.RELEASE.jar:2.1.9.RELEASE]
	at org.springframework.data.repository.query.parser.Part.<init>(Part.java:81) ~[spring-data-commons-2.1.9.RELEASE.jar:2.1.9.RELEASE]
	at org.springframework.data.repository.query.parser.PartTree$OrPart.lambda$new$0(PartTree.java:250) ~[spring-data-commons-2.1.9.RELEASE.jar:2.1.9.RELEASE]
	at java.util.stream.ReferencePipeline$3$1.accept(ReferencePipeline.java:193) ~[na:1.8.0_191]
	at java.util.stream.ReferencePipeline$2$1.accept(ReferencePipeline.java:175) ~[na:1.8.0_191]
	at java.util.Spliterators$ArraySpliterator.forEachRemaining(Spliterators.java:948) ~[na:1.8.0_191]
	at java.util.stream.AbstractPipeline.copyInto(AbstractPipeline.java:481) ~[na:1.8.0_191]
	at java.util.stream.AbstractPipeline.wrapAndCopyInto(AbstractPipeline.java:471) ~[na:1.8.0_191]
	at java.util.stream.ReduceOps$ReduceOp.evaluateSequential(ReduceOps.java:708) ~[na:1.8.0_191]
	at java.util.stream.AbstractPipeline.evaluate(AbstractPipeline.java:234) ~[na:1.8.0_191]
	at java.util.stream.ReferencePipeline.collect(ReferencePipeline.java:499) ~[na:1.8.0_191]
	at org.springframework.data.repository.query.parser.PartTree$OrPart.<init>(PartTree.java:251) ~[spring-data-commons-2.1.9.RELEASE.jar:2.1.9.RELEASE]
	at org.springframework.data.repository.query.parser.PartTree$Predicate.lambda$new$0(PartTree.java:380) ~[spring-data-commons-2.1.9.RELEASE.jar:2.1.9.RELEASE]
	at java.util.stream.ReferencePipeline$3$1.accept(ReferencePipeline.java:193) ~[na:1.8.0_191]
	at java.util.stream.ReferencePipeline$2$1.accept(ReferencePipeline.java:175) ~[na:1.8.0_191]
	at java.util.Spliterators$ArraySpliterator.forEachRemaining(Spliterators.java:948) ~[na:1.8.0_191]
	at java.util.stream.AbstractPipeline.copyInto(AbstractPipeline.java:481) ~[na:1.8.0_191]
	at java.util.stream.AbstractPipeline.wrapAndCopyInto(AbstractPipeline.java:471) ~[na:1.8.0_191]
	at java.util.stream.ReduceOps$ReduceOp.evaluateSequential(ReduceOps.java:708) ~[na:1.8.0_191]
	at java.util.stream.AbstractPipeline.evaluate(AbstractPipeline.java:234) ~[na:1.8.0_191]
	at java.util.stream.ReferencePipeline.collect(ReferencePipeline.java:499) ~[na:1.8.0_191]
	at org.springframework.data.repository.query.parser.PartTree$Predicate.<init>(PartTree.java:381) ~[spring-data-commons-2.1.9.RELEASE.jar:2.1.9.RELEASE]
	at org.springframework.data.repository.query.parser.PartTree.<init>(PartTree.java:96) ~[spring-data-commons-2.1.9.RELEASE.jar:2.1.9.RELEASE]
	at org.springframework.data.jpa.repository.query.PartTreeJpaQuery.<init>(PartTreeJpaQuery.java:78) ~[spring-data-jpa-2.1.9.RELEASE.jar:2.1.9.RELEASE]
	... 70 common frames omitted

2020-04-10 11:13:40.171  INFO 1372 --- [main] co.udea.ingweb.api.App                   : Starting App on Carloss-MacBook-Pro.local with PID 1372 (/Users/itmanager/IdeaProjects/IngWebApi/target/classes started by itmanager in /Users/itmanager/IdeaProjects/IngWebApi)
2020-04-10 11:13:40.174  INFO 1372 --- [main] co.udea.ingweb.api.App                   : The following profiles are active: heroku2
2020-04-10 11:13:42.040  INFO 1372 --- [main] .s.d.r.c.RepositoryConfigurationDelegate : Bootstrapping Spring Data repositories in DEFAULT mode.
2020-04-10 11:13:42.177  INFO 1372 --- [main] .s.d.r.c.RepositoryConfigurationDelegate : Finished Spring Data repository scanning in 121ms. Found 2 repository interfaces.
2020-04-10 11:13:43.028  INFO 1372 --- [main] trationDelegate$BeanPostProcessorChecker : Bean 'org.springframework.transaction.annotation.ProxyTransactionManagementConfiguration' of type [org.springframework.transaction.annotation.ProxyTransactionManagementConfiguration$$EnhancerBySpringCGLIB$$745441aa] is not eligible for getting processed by all BeanPostProcessors (for example: not eligible for auto-proxying)
2020-04-10 11:13:43.087  INFO 1372 --- [main] trationDelegate$BeanPostProcessorChecker : Bean 'org.springframework.hateoas.config.HateoasConfiguration' of type [org.springframework.hateoas.config.HateoasConfiguration$$EnhancerBySpringCGLIB$$f3d48edc] is not eligible for getting processed by all BeanPostProcessors (for example: not eligible for auto-proxying)
2020-04-10 11:13:43.830  INFO 1372 --- [main] o.s.b.w.embedded.tomcat.TomcatWebServer  : Tomcat initialized with port(s): 8080 (http)
2020-04-10 11:13:43.901  INFO 1372 --- [main] o.apache.catalina.core.StandardService   : Starting service [Tomcat]
2020-04-10 11:13:43.902  INFO 1372 --- [main] org.apache.catalina.core.StandardEngine  : Starting Servlet engine: [Apache Tomcat/9.0.21]
2020-04-10 11:13:44.259  INFO 1372 --- [main] o.a.c.c.C.[.[localhost].[/ingweb-api]    : Initializing Spring embedded WebApplicationContext
2020-04-10 11:13:44.259  INFO 1372 --- [main] o.s.web.context.ContextLoader            : Root WebApplicationContext: initialization completed in 4017 ms
2020-04-10 11:13:44.761  INFO 1372 --- [main] com.zaxxer.hikari.HikariDataSource       : HikariPool-1 - Starting...
2020-04-10 11:13:46.088  INFO 1372 --- [main] com.zaxxer.hikari.HikariDataSource       : HikariPool-1 - Start completed.
2020-04-10 11:13:46.259  INFO 1372 --- [main] o.hibernate.jpa.internal.util.LogHelper  : HHH000204: Processing PersistenceUnitInfo [
	name: default
	...]
2020-04-10 11:13:46.418  INFO 1372 --- [main] org.hibernate.Version                    : HHH000412: Hibernate Core {5.3.10.Final}
2020-04-10 11:13:46.421  INFO 1372 --- [main] org.hibernate.cfg.Environment            : HHH000206: hibernate.properties not found
2020-04-10 11:13:46.720  INFO 1372 --- [main] o.hibernate.annotations.common.Version   : HCANN000001: Hibernate Commons Annotations {5.0.4.Final}
2020-04-10 11:13:47.061  INFO 1372 --- [main] org.hibernate.dialect.Dialect            : HHH000400: Using dialect: org.hibernate.dialect.PostgreSQLDialect
2020-04-10 11:13:47.096  INFO 1372 --- [main] o.h.e.j.e.i.LobCreatorBuilderImpl        : HHH000422: Disabling contextual LOB creation as connection was null
2020-04-10 11:13:47.111  INFO 1372 --- [main] org.hibernate.type.BasicTypeRegistry     : HHH000270: Type registration [java.util.UUID] overrides previous : org.hibernate.type.UUIDBinaryType@2cfe272f
2020-04-10 11:13:48.447  INFO 1372 --- [main] j.LocalContainerEntityManagerFactoryBean : Initialized JPA EntityManagerFactory for persistence unit 'default'
2020-04-10 11:13:49.128  WARN 1372 --- [main] ConfigServletWebServerApplicationContext : Exception encountered during context initialization - cancelling refresh attempt: org.springframework.beans.factory.UnsatisfiedDependencyException: Error creating bean with name 'ajusteController' defined in file [/Users/itmanager/IdeaProjects/IngWebApi/target/classes/co/udea/ingweb/api/controller/AjusteController.class]: Unsatisfied dependency expressed through constructor parameter 0; nested exception is org.springframework.beans.factory.UnsatisfiedDependencyException: Error creating bean with name 'ajusteService' defined in file [/Users/itmanager/IdeaProjects/IngWebApi/target/classes/co/udea/ingweb/api/service/AjusteService.class]: Unsatisfied dependency expressed through constructor parameter 1; nested exception is org.springframework.beans.factory.BeanCreationException: Error creating bean with name 'productoRepository': Invocation of init method failed; nested exception is java.lang.IllegalArgumentException: Failed to create query for method public abstract co.udea.ingweb.api.model.Producto co.udea.ingweb.api.repository.ProductoRepository.findByNameEquals(java.lang.String)! No property name found for type Producto!
2020-04-10 11:13:49.129  INFO 1372 --- [main] j.LocalContainerEntityManagerFactoryBean : Closing JPA EntityManagerFactory for persistence unit 'default'
2020-04-10 11:13:49.133  INFO 1372 --- [main] com.zaxxer.hikari.HikariDataSource       : HikariPool-1 - Shutdown initiated...
2020-04-10 11:13:49.346  INFO 1372 --- [main] com.zaxxer.hikari.HikariDataSource       : HikariPool-1 - Shutdown completed.
2020-04-10 11:13:49.353  INFO 1372 --- [main] o.apache.catalina.core.StandardService   : Stopping service [Tomcat]
2020-04-10 11:13:49.370  INFO 1372 --- [main] ConditionEvaluationReportLoggingListener : 

Error starting ApplicationContext. To display the conditions report re-run your application with 'debug' enabled.
2020-04-10 11:13:49.381 ERROR 1372 --- [main] o.s.boot.SpringApplication               : Application run failed

org.springframework.beans.factory.UnsatisfiedDependencyException: Error creating bean with name 'ajusteController' defined in file [/Users/itmanager/IdeaProjects/IngWebApi/target/classes/co/udea/ingweb/api/controller/AjusteController.class]: Unsatisfied dependency expressed through constructor parameter 0; nested exception is org.springframework.beans.factory.UnsatisfiedDependencyException: Error creating bean with name 'ajusteService' defined in file [/Users/itmanager/IdeaProjects/IngWebApi/target/classes/co/udea/ingweb/api/service/AjusteService.class]: Unsatisfied dependency expressed through constructor parameter 1; nested exception is org.springframework.beans.factory.BeanCreationException: Error creating bean with name 'productoRepository': Invocation of init method failed; nested exception is java.lang.IllegalArgumentException: Failed to create query for method public abstract co.udea.ingweb.api.model.Producto co.udea.ingweb.api.repository.ProductoRepository.findByNameEquals(java.lang.String)! No property name found for type Producto!
	at org.springframework.beans.factory.support.ConstructorResolver.createArgumentArray(ConstructorResolver.java:769) ~[spring-beans-5.1.8.RELEASE.jar:5.1.8.RELEASE]
	at org.springframework.beans.factory.support.ConstructorResolver.autowireConstructor(ConstructorResolver.java:218) ~[spring-beans-5.1.8.RELEASE.jar:5.1.8.RELEASE]
	at org.springframework.beans.factory.support.AbstractAutowireCapableBeanFactory.autowireConstructor(AbstractAutowireCapableBeanFactory.java:1341) ~[spring-beans-5.1.8.RELEASE.jar:5.1.8.RELEASE]
	at org.springframework.beans.factory.support.AbstractAutowireCapableBeanFactory.createBeanInstance(AbstractAutowireCapableBeanFactory.java:1187) ~[spring-beans-5.1.8.RELEASE.jar:5.1.8.RELEASE]
	at org.springframework.beans.factory.support.AbstractAutowireCapableBeanFactory.doCreateBean(AbstractAutowireCapableBeanFactory.java:555) ~[spring-beans-5.1.8.RELEASE.jar:5.1.8.RELEASE]
	at org.springframework.beans.factory.support.AbstractAutowireCapableBeanFactory.createBean(AbstractAutowireCapableBeanFactory.java:515) ~[spring-beans-5.1.8.RELEASE.jar:5.1.8.RELEASE]
	at org.springframework.beans.factory.support.AbstractBeanFactory.lambda$doGetBean$0(AbstractBeanFactory.java:320) ~[spring-beans-5.1.8.RELEASE.jar:5.1.8.RELEASE]
	at org.springframework.beans.factory.support.DefaultSingletonBeanRegistry.getSingleton(DefaultSingletonBeanRegistry.java:222) ~[spring-beans-5.1.8.RELEASE.jar:5.1.8.RELEASE]
	at org.springframework.beans.factory.support.AbstractBeanFactory.doGetBean(AbstractBeanFactory.java:318) ~[spring-beans-5.1.8.RELEASE.jar:5.1.8.RELEASE]
	at org.springframework.beans.factory.support.AbstractBeanFactory.getBean(AbstractBeanFactory.java:199) ~[spring-beans-5.1.8.RELEASE.jar:5.1.8.RELEASE]
	at org.springframework.beans.factory.support.DefaultListableBeanFactory.preInstantiateSingletons(DefaultListableBeanFactory.java:845) ~[spring-beans-5.1.8.RELEASE.jar:5.1.8.RELEASE]
	at org.springframework.context.support.AbstractApplicationContext.finishBeanFactoryInitialization(AbstractApplicationContext.java:877) ~[spring-context-5.1.8.RELEASE.jar:5.1.8.RELEASE]
	at org.springframework.context.support.AbstractApplicationContext.refresh(AbstractApplicationContext.java:549) ~[spring-context-5.1.8.RELEASE.jar:5.1.8.RELEASE]
	at org.springframework.boot.web.servlet.context.ServletWebServerApplicationContext.refresh(ServletWebServerApplicationContext.java:140) ~[spring-boot-2.1.6.RELEASE.jar:2.1.6.RELEASE]
	at org.springframework.boot.SpringApplication.refresh(SpringApplication.java:742) [spring-boot-2.1.6.RELEASE.jar:2.1.6.RELEASE]
	at org.springframework.boot.SpringApplication.refreshContext(SpringApplication.java:389) [spring-boot-2.1.6.RELEASE.jar:2.1.6.RELEASE]
	at org.springframework.boot.SpringApplication.run(SpringApplication.java:311) [spring-boot-2.1.6.RELEASE.jar:2.1.6.RELEASE]
	at org.springframework.boot.SpringApplication.run(SpringApplication.java:1213) [spring-boot-2.1.6.RELEASE.jar:2.1.6.RELEASE]
	at org.springframework.boot.SpringApplication.run(SpringApplication.java:1202) [spring-boot-2.1.6.RELEASE.jar:2.1.6.RELEASE]
	at co.udea.ingweb.api.App.main(App.java:12) [classes/:na]
Caused by: org.springframework.beans.factory.UnsatisfiedDependencyException: Error creating bean with name 'ajusteService' defined in file [/Users/itmanager/IdeaProjects/IngWebApi/target/classes/co/udea/ingweb/api/service/AjusteService.class]: Unsatisfied dependency expressed through constructor parameter 1; nested exception is org.springframework.beans.factory.BeanCreationException: Error creating bean with name 'productoRepository': Invocation of init method failed; nested exception is java.lang.IllegalArgumentException: Failed to create query for method public abstract co.udea.ingweb.api.model.Producto co.udea.ingweb.api.repository.ProductoRepository.findByNameEquals(java.lang.String)! No property name found for type Producto!
	at org.springframework.beans.factory.support.ConstructorResolver.createArgumentArray(ConstructorResolver.java:769) ~[spring-beans-5.1.8.RELEASE.jar:5.1.8.RELEASE]
	at org.springframework.beans.factory.support.ConstructorResolver.autowireConstructor(ConstructorResolver.java:218) ~[spring-beans-5.1.8.RELEASE.jar:5.1.8.RELEASE]
	at org.springframework.beans.factory.support.AbstractAutowireCapableBeanFactory.autowireConstructor(AbstractAutowireCapableBeanFactory.java:1341) ~[spring-beans-5.1.8.RELEASE.jar:5.1.8.RELEASE]
	at org.springframework.beans.factory.support.AbstractAutowireCapableBeanFactory.createBeanInstance(AbstractAutowireCapableBeanFactory.java:1187) ~[spring-beans-5.1.8.RELEASE.jar:5.1.8.RELEASE]
	at org.springframework.beans.factory.support.AbstractAutowireCapableBeanFactory.doCreateBean(AbstractAutowireCapableBeanFactory.java:555) ~[spring-beans-5.1.8.RELEASE.jar:5.1.8.RELEASE]
	at org.springframework.beans.factory.support.AbstractAutowireCapableBeanFactory.createBean(AbstractAutowireCapableBeanFactory.java:515) ~[spring-beans-5.1.8.RELEASE.jar:5.1.8.RELEASE]
	at org.springframework.beans.factory.support.AbstractBeanFactory.lambda$doGetBean$0(AbstractBeanFactory.java:320) ~[spring-beans-5.1.8.RELEASE.jar:5.1.8.RELEASE]
	at org.springframework.beans.factory.support.DefaultSingletonBeanRegistry.getSingleton(DefaultSingletonBeanRegistry.java:222) ~[spring-beans-5.1.8.RELEASE.jar:5.1.8.RELEASE]
	at org.springframework.beans.factory.support.AbstractBeanFactory.doGetBean(AbstractBeanFactory.java:318) ~[spring-beans-5.1.8.RELEASE.jar:5.1.8.RELEASE]
	at org.springframework.beans.factory.support.AbstractBeanFactory.getBean(AbstractBeanFactory.java:199) ~[spring-beans-5.1.8.RELEASE.jar:5.1.8.RELEASE]
	at org.springframework.beans.factory.config.DependencyDescriptor.resolveCandidate(DependencyDescriptor.java:277) ~[spring-beans-5.1.8.RELEASE.jar:5.1.8.RELEASE]
	at org.springframework.beans.factory.support.DefaultListableBeanFactory.doResolveDependency(DefaultListableBeanFactory.java:1251) ~[spring-beans-5.1.8.RELEASE.jar:5.1.8.RELEASE]
	at org.springframework.beans.factory.support.DefaultListableBeanFactory.resolveDependency(DefaultListableBeanFactory.java:1171) ~[spring-beans-5.1.8.RELEASE.jar:5.1.8.RELEASE]
	at org.springframework.beans.factory.support.ConstructorResolver.resolveAutowiredArgument(ConstructorResolver.java:857) ~[spring-beans-5.1.8.RELEASE.jar:5.1.8.RELEASE]
	at org.springframework.beans.factory.support.ConstructorResolver.createArgumentArray(ConstructorResolver.java:760) ~[spring-beans-5.1.8.RELEASE.jar:5.1.8.RELEASE]
	... 19 common frames omitted
Caused by: org.springframework.beans.factory.BeanCreationException: Error creating bean with name 'productoRepository': Invocation of init method failed; nested exception is java.lang.IllegalArgumentException: Failed to create query for method public abstract co.udea.ingweb.api.model.Producto co.udea.ingweb.api.repository.ProductoRepository.findByNameEquals(java.lang.String)! No property name found for type Producto!
	at org.springframework.beans.factory.support.AbstractAutowireCapableBeanFactory.initializeBean(AbstractAutowireCapableBeanFactory.java:1778) ~[spring-beans-5.1.8.RELEASE.jar:5.1.8.RELEASE]
	at org.springframework.beans.factory.support.AbstractAutowireCapableBeanFactory.doCreateBean(AbstractAutowireCapableBeanFactory.java:593) ~[spring-beans-5.1.8.RELEASE.jar:5.1.8.RELEASE]
	at org.springframework.beans.factory.support.AbstractAutowireCapableBeanFactory.createBean(AbstractAutowireCapableBeanFactory.java:515) ~[spring-beans-5.1.8.RELEASE.jar:5.1.8.RELEASE]
	at org.springframework.beans.factory.support.AbstractBeanFactory.lambda$doGetBean$0(AbstractBeanFactory.java:320) ~[spring-beans-5.1.8.RELEASE.jar:5.1.8.RELEASE]
	at org.springframework.beans.factory.support.DefaultSingletonBeanRegistry.getSingleton(DefaultSingletonBeanRegistry.java:222) ~[spring-beans-5.1.8.RELEASE.jar:5.1.8.RELEASE]
	at org.springframework.beans.factory.support.AbstractBeanFactory.doGetBean(AbstractBeanFactory.java:318) ~[spring-beans-5.1.8.RELEASE.jar:5.1.8.RELEASE]
	at org.springframework.beans.factory.support.AbstractBeanFactory.getBean(AbstractBeanFactory.java:199) ~[spring-beans-5.1.8.RELEASE.jar:5.1.8.RELEASE]
	at org.springframework.beans.factory.config.DependencyDescriptor.resolveCandidate(DependencyDescriptor.java:277) ~[spring-beans-5.1.8.RELEASE.jar:5.1.8.RELEASE]
	at org.springframework.beans.factory.support.DefaultListableBeanFactory.doResolveDependency(DefaultListableBeanFactory.java:1251) ~[spring-beans-5.1.8.RELEASE.jar:5.1.8.RELEASE]
	at org.springframework.beans.factory.support.DefaultListableBeanFactory.resolveDependency(DefaultListableBeanFactory.java:1171) ~[spring-beans-5.1.8.RELEASE.jar:5.1.8.RELEASE]
	at org.springframework.beans.factory.support.ConstructorResolver.resolveAutowiredArgument(ConstructorResolver.java:857) ~[spring-beans-5.1.8.RELEASE.jar:5.1.8.RELEASE]
	at org.springframework.beans.factory.support.ConstructorResolver.createArgumentArray(ConstructorResolver.java:760) ~[spring-beans-5.1.8.RELEASE.jar:5.1.8.RELEASE]
	... 33 common frames omitted
Caused by: java.lang.IllegalArgumentException: Failed to create query for method public abstract co.udea.ingweb.api.model.Producto co.udea.ingweb.api.repository.ProductoRepository.findByNameEquals(java.lang.String)! No property name found for type Producto!
	at org.springframework.data.jpa.repository.query.PartTreeJpaQuery.<init>(PartTreeJpaQuery.java:84) ~[spring-data-jpa-2.1.9.RELEASE.jar:2.1.9.RELEASE]
	at org.springframework.data.jpa.repository.query.JpaQueryLookupStrategy$CreateQueryLookupStrategy.resolveQuery(JpaQueryLookupStrategy.java:106) ~[spring-data-jpa-2.1.9.RELEASE.jar:2.1.9.RELEASE]
	at org.springframework.data.jpa.repository.query.JpaQueryLookupStrategy$CreateIfNotFoundQueryLookupStrategy.resolveQuery(JpaQueryLookupStrategy.java:211) ~[spring-data-jpa-2.1.9.RELEASE.jar:2.1.9.RELEASE]
	at org.springframework.data.jpa.repository.query.JpaQueryLookupStrategy$AbstractQueryLookupStrategy.resolveQuery(JpaQueryLookupStrategy.java:79) ~[spring-data-jpa-2.1.9.RELEASE.jar:2.1.9.RELEASE]
	at org.springframework.data.repository.core.support.RepositoryFactorySupport$QueryExecutorMethodInterceptor.lookupQuery(RepositoryFactorySupport.java:566) ~[spring-data-commons-2.1.9.RELEASE.jar:2.1.9.RELEASE]
	at org.springframework.data.repository.core.support.RepositoryFactorySupport$QueryExecutorMethodInterceptor.lambda$mapMethodsToQuery$1(RepositoryFactorySupport.java:559) ~[spring-data-commons-2.1.9.RELEASE.jar:2.1.9.RELEASE]
	at java.util.stream.ReferencePipeline$3$1.accept(ReferencePipeline.java:193) ~[na:1.8.0_191]
	at java.util.Iterator.forEachRemaining(Iterator.java:116) ~[na:1.8.0_191]
	at java.util.Collections$UnmodifiableCollection$1.forEachRemaining(Collections.java:1049) ~[na:1.8.0_191]
	at java.util.Spliterators$IteratorSpliterator.forEachRemaining(Spliterators.java:1801) ~[na:1.8.0_191]
	at java.util.stream.AbstractPipeline.copyInto(AbstractPipeline.java:481) ~[na:1.8.0_191]
	at java.util.stream.AbstractPipeline.wrapAndCopyInto(AbstractPipeline.java:471) ~[na:1.8.0_191]
	at java.util.stream.ReduceOps$ReduceOp.evaluateSequential(ReduceOps.java:708) ~[na:1.8.0_191]
	at java.util.stream.AbstractPipeline.evaluate(AbstractPipeline.java:234) ~[na:1.8.0_191]
	at java.util.stream.ReferencePipeline.collect(ReferencePipeline.java:499) ~[na:1.8.0_191]
	at org.springframework.data.repository.core.support.RepositoryFactorySupport$QueryExecutorMethodInterceptor.mapMethodsToQuery(RepositoryFactorySupport.java:561) ~[spring-data-commons-2.1.9.RELEASE.jar:2.1.9.RELEASE]
	at org.springframework.data.repository.core.support.RepositoryFactorySupport$QueryExecutorMethodInterceptor.lambda$new$0(RepositoryFactorySupport.java:551) ~[spring-data-commons-2.1.9.RELEASE.jar:2.1.9.RELEASE]
	at java.util.Optional.map(Optional.java:215) ~[na:1.8.0_191]
	at org.springframework.data.repository.core.support.RepositoryFactorySupport$QueryExecutorMethodInterceptor.<init>(RepositoryFactorySupport.java:551) ~[spring-data-commons-2.1.9.RELEASE.jar:2.1.9.RELEASE]
	at org.springframework.data.repository.core.support.RepositoryFactorySupport.getRepository(RepositoryFactorySupport.java:324) ~[spring-data-commons-2.1.9.RELEASE.jar:2.1.9.RELEASE]
	at org.springframework.data.repository.core.support.RepositoryFactoryBeanSupport.lambda$afterPropertiesSet$5(RepositoryFactoryBeanSupport.java:297) ~[spring-data-commons-2.1.9.RELEASE.jar:2.1.9.RELEASE]
	at org.springframework.data.util.Lazy.getNullable(Lazy.java:211) ~[spring-data-commons-2.1.9.RELEASE.jar:2.1.9.RELEASE]
	at org.springframework.data.util.Lazy.get(Lazy.java:94) ~[spring-data-commons-2.1.9.RELEASE.jar:2.1.9.RELEASE]
	at org.springframework.data.repository.core.support.RepositoryFactoryBeanSupport.afterPropertiesSet(RepositoryFactoryBeanSupport.java:300) ~[spring-data-commons-2.1.9.RELEASE.jar:2.1.9.RELEASE]
	at org.springframework.data.jpa.repository.support.JpaRepositoryFactoryBean.afterPropertiesSet(JpaRepositoryFactoryBean.java:121) ~[spring-data-jpa-2.1.9.RELEASE.jar:2.1.9.RELEASE]
	at org.springframework.beans.factory.support.AbstractAutowireCapableBeanFactory.invokeInitMethods(AbstractAutowireCapableBeanFactory.java:1837) ~[spring-beans-5.1.8.RELEASE.jar:5.1.8.RELEASE]
	at org.springframework.beans.factory.support.AbstractAutowireCapableBeanFactory.initializeBean(AbstractAutowireCapableBeanFactory.java:1774) ~[spring-beans-5.1.8.RELEASE.jar:5.1.8.RELEASE]
	... 44 common frames omitted
Caused by: org.springframework.data.mapping.PropertyReferenceException: No property name found for type Producto!
	at org.springframework.data.mapping.PropertyPath.<init>(PropertyPath.java:94) ~[spring-data-commons-2.1.9.RELEASE.jar:2.1.9.RELEASE]
	at org.springframework.data.mapping.PropertyPath.create(PropertyPath.java:382) ~[spring-data-commons-2.1.9.RELEASE.jar:2.1.9.RELEASE]
	at org.springframework.data.mapping.PropertyPath.create(PropertyPath.java:358) ~[spring-data-commons-2.1.9.RELEASE.jar:2.1.9.RELEASE]
	at org.springframework.data.mapping.PropertyPath.lambda$from$0(PropertyPath.java:311) ~[spring-data-commons-2.1.9.RELEASE.jar:2.1.9.RELEASE]
	at java.util.concurrent.ConcurrentMap.computeIfAbsent(ConcurrentMap.java:324) ~[na:1.8.0_191]
	at org.springframework.data.mapping.PropertyPath.from(PropertyPath.java:293) ~[spring-data-commons-2.1.9.RELEASE.jar:2.1.9.RELEASE]
	at org.springframework.data.mapping.PropertyPath.from(PropertyPath.java:276) ~[spring-data-commons-2.1.9.RELEASE.jar:2.1.9.RELEASE]
	at org.springframework.data.repository.query.parser.Part.<init>(Part.java:81) ~[spring-data-commons-2.1.9.RELEASE.jar:2.1.9.RELEASE]
	at org.springframework.data.repository.query.parser.PartTree$OrPart.lambda$new$0(PartTree.java:250) ~[spring-data-commons-2.1.9.RELEASE.jar:2.1.9.RELEASE]
	at java.util.stream.ReferencePipeline$3$1.accept(ReferencePipeline.java:193) ~[na:1.8.0_191]
	at java.util.stream.ReferencePipeline$2$1.accept(ReferencePipeline.java:175) ~[na:1.8.0_191]
	at java.util.Spliterators$ArraySpliterator.forEachRemaining(Spliterators.java:948) ~[na:1.8.0_191]
	at java.util.stream.AbstractPipeline.copyInto(AbstractPipeline.java:481) ~[na:1.8.0_191]
	at java.util.stream.AbstractPipeline.wrapAndCopyInto(AbstractPipeline.java:471) ~[na:1.8.0_191]
	at java.util.stream.ReduceOps$ReduceOp.evaluateSequential(ReduceOps.java:708) ~[na:1.8.0_191]
	at java.util.stream.AbstractPipeline.evaluate(AbstractPipeline.java:234) ~[na:1.8.0_191]
	at java.util.stream.ReferencePipeline.collect(ReferencePipeline.java:499) ~[na:1.8.0_191]
	at org.springframework.data.repository.query.parser.PartTree$OrPart.<init>(PartTree.java:251) ~[spring-data-commons-2.1.9.RELEASE.jar:2.1.9.RELEASE]
	at org.springframework.data.repository.query.parser.PartTree$Predicate.lambda$new$0(PartTree.java:380) ~[spring-data-commons-2.1.9.RELEASE.jar:2.1.9.RELEASE]
	at java.util.stream.ReferencePipeline$3$1.accept(ReferencePipeline.java:193) ~[na:1.8.0_191]
	at java.util.stream.ReferencePipeline$2$1.accept(ReferencePipeline.java:175) ~[na:1.8.0_191]
	at java.util.Spliterators$ArraySpliterator.forEachRemaining(Spliterators.java:948) ~[na:1.8.0_191]
	at java.util.stream.AbstractPipeline.copyInto(AbstractPipeline.java:481) ~[na:1.8.0_191]
	at java.util.stream.AbstractPipeline.wrapAndCopyInto(AbstractPipeline.java:471) ~[na:1.8.0_191]
	at java.util.stream.ReduceOps$ReduceOp.evaluateSequential(ReduceOps.java:708) ~[na:1.8.0_191]
	at java.util.stream.AbstractPipeline.evaluate(AbstractPipeline.java:234) ~[na:1.8.0_191]
	at java.util.stream.ReferencePipeline.collect(ReferencePipeline.java:499) ~[na:1.8.0_191]
	at org.springframework.data.repository.query.parser.PartTree$Predicate.<init>(PartTree.java:381) ~[spring-data-commons-2.1.9.RELEASE.jar:2.1.9.RELEASE]
	at org.springframework.data.repository.query.parser.PartTree.<init>(PartTree.java:96) ~[spring-data-commons-2.1.9.RELEASE.jar:2.1.9.RELEASE]
	at org.springframework.data.jpa.repository.query.PartTreeJpaQuery.<init>(PartTreeJpaQuery.java:78) ~[spring-data-jpa-2.1.9.RELEASE.jar:2.1.9.RELEASE]
	... 70 common frames omitted

2020-04-10 11:16:24.892  INFO 1386 --- [main] co.udea.ingweb.api.App                   : Starting App on Carloss-MacBook-Pro.local with PID 1386 (/Users/itmanager/IdeaProjects/IngWebApi/target/classes started by itmanager in /Users/itmanager/IdeaProjects/IngWebApi)
2020-04-10 11:16:24.897  INFO 1386 --- [main] co.udea.ingweb.api.App                   : The following profiles are active: heroku2
2020-04-10 11:16:26.730  INFO 1386 --- [main] .s.d.r.c.RepositoryConfigurationDelegate : Bootstrapping Spring Data repositories in DEFAULT mode.
2020-04-10 11:16:26.882  INFO 1386 --- [main] .s.d.r.c.RepositoryConfigurationDelegate : Finished Spring Data repository scanning in 135ms. Found 2 repository interfaces.
2020-04-10 11:16:27.799  INFO 1386 --- [main] trationDelegate$BeanPostProcessorChecker : Bean 'org.springframework.transaction.annotation.ProxyTransactionManagementConfiguration' of type [org.springframework.transaction.annotation.ProxyTransactionManagementConfiguration$$EnhancerBySpringCGLIB$$1eab4c19] is not eligible for getting processed by all BeanPostProcessors (for example: not eligible for auto-proxying)
2020-04-10 11:16:27.863  INFO 1386 --- [main] trationDelegate$BeanPostProcessorChecker : Bean 'org.springframework.hateoas.config.HateoasConfiguration' of type [org.springframework.hateoas.config.HateoasConfiguration$$EnhancerBySpringCGLIB$$9e2b994b] is not eligible for getting processed by all BeanPostProcessors (for example: not eligible for auto-proxying)
2020-04-10 11:16:28.676  INFO 1386 --- [main] o.s.b.w.embedded.tomcat.TomcatWebServer  : Tomcat initialized with port(s): 8080 (http)
2020-04-10 11:16:28.732  INFO 1386 --- [main] o.apache.catalina.core.StandardService   : Starting service [Tomcat]
2020-04-10 11:16:28.733  INFO 1386 --- [main] org.apache.catalina.core.StandardEngine  : Starting Servlet engine: [Apache Tomcat/9.0.21]
2020-04-10 11:16:29.085  INFO 1386 --- [main] o.a.c.c.C.[.[localhost].[/ingweb-api]    : Initializing Spring embedded WebApplicationContext
2020-04-10 11:16:29.086  INFO 1386 --- [main] o.s.web.context.ContextLoader            : Root WebApplicationContext: initialization completed in 4124 ms
2020-04-10 11:16:29.548  INFO 1386 --- [main] com.zaxxer.hikari.HikariDataSource       : HikariPool-1 - Starting...
2020-04-10 11:16:30.840  INFO 1386 --- [main] com.zaxxer.hikari.HikariDataSource       : HikariPool-1 - Start completed.
2020-04-10 11:16:31.039  INFO 1386 --- [main] o.hibernate.jpa.internal.util.LogHelper  : HHH000204: Processing PersistenceUnitInfo [
	name: default
	...]
2020-04-10 11:16:31.233  INFO 1386 --- [main] org.hibernate.Version                    : HHH000412: Hibernate Core {5.3.10.Final}
2020-04-10 11:16:31.235  INFO 1386 --- [main] org.hibernate.cfg.Environment            : HHH000206: hibernate.properties not found
2020-04-10 11:16:31.557  INFO 1386 --- [main] o.hibernate.annotations.common.Version   : HCANN000001: Hibernate Commons Annotations {5.0.4.Final}
2020-04-10 11:16:31.908  INFO 1386 --- [main] org.hibernate.dialect.Dialect            : HHH000400: Using dialect: org.hibernate.dialect.PostgreSQLDialect
2020-04-10 11:16:31.938  INFO 1386 --- [main] o.h.e.j.e.i.LobCreatorBuilderImpl        : HHH000422: Disabling contextual LOB creation as connection was null
2020-04-10 11:16:31.949  INFO 1386 --- [main] org.hibernate.type.BasicTypeRegistry     : HHH000270: Type registration [java.util.UUID] overrides previous : org.hibernate.type.UUIDBinaryType@61b65d54
2020-04-10 11:16:33.088  INFO 1386 --- [main] j.LocalContainerEntityManagerFactoryBean : Initialized JPA EntityManagerFactory for persistence unit 'default'
2020-04-10 11:16:35.120  WARN 1386 --- [main] aWebConfiguration$JpaWebMvcConfiguration : spring.jpa.open-in-view is enabled by default. Therefore, database queries may be performed during view rendering. Explicitly configure spring.jpa.open-in-view to disable this warning
2020-04-10 11:16:36.035  INFO 1386 --- [main] pertySourcedRequestMappingHandlerMapping : Mapped URL path [/v2/api-docs] onto method [public org.springframework.http.ResponseEntity<springfox.documentation.spring.web.json.Json> springfox.documentation.swagger2.web.Swagger2Controller.getDocumentation(java.lang.String,javax.servlet.http.HttpServletRequest)]
2020-04-10 11:16:36.427  INFO 1386 --- [main] o.s.s.concurrent.ThreadPoolTaskExecutor  : Initializing ExecutorService 'applicationTaskExecutor'
2020-04-10 11:16:37.479  INFO 1386 --- [main] d.s.w.p.DocumentationPluginsBootstrapper : Context refreshed
2020-04-10 11:16:37.519  INFO 1386 --- [main] d.s.w.p.DocumentationPluginsBootstrapper : Found 1 custom documentation plugin(s)
2020-04-10 11:16:37.579  INFO 1386 --- [main] s.d.s.w.s.ApiListingReferenceScanner     : Scanning for api listing references
2020-04-10 11:16:38.055  INFO 1386 --- [main] o.s.b.w.embedded.tomcat.TomcatWebServer  : Tomcat started on port(s): 8080 (http) with context path '/ingweb-api'
2020-04-10 11:16:38.061  INFO 1386 --- [main] co.udea.ingweb.api.App                   : Started App in 29.387 seconds (JVM running for 30.367)
2020-04-10 11:17:59.481  INFO 1386 --- [http-nio-8080-exec-1] o.a.c.c.C.[.[localhost].[/ingweb-api]    : Initializing Spring DispatcherServlet 'dispatcherServlet'
2020-04-10 11:17:59.484  INFO 1386 --- [http-nio-8080-exec-1] o.s.web.servlet.DispatcherServlet        : Initializing Servlet 'dispatcherServlet'
2020-04-10 11:17:59.558  INFO 1386 --- [http-nio-8080-exec-1] o.s.web.servlet.DispatcherServlet        : Completed initialization in 73 ms
2020-04-10 11:31:33.446  INFO 1386 --- [http-nio-8080-exec-1] o.h.h.i.QueryTranslatorFactoryInitiator  : HHH000397: Using ASTQueryTranslatorFactory
2020-04-10 11:31:34.429  WARN 1386 --- [http-nio-8080-exec-1] o.h.engine.jdbc.spi.SqlExceptionHelper   : SQL Error: 0, SQLState: 23502
2020-04-10 11:31:34.429 ERROR 1386 --- [http-nio-8080-exec-1] o.h.engine.jdbc.spi.SqlExceptionHelper   : ERROR: null value in column "id" violates not-null constraint
  Detail: Failing row contains (null, string, string, 1, 1, 2020-04-10).
2020-04-10 11:31:34.542 ERROR 1386 --- [http-nio-8080-exec-1] o.a.c.c.C.[.[.[.[dispatcherServlet]      : Servlet.service() for servlet [dispatcherServlet] in context with path [/ingweb-api] threw exception [Request processing failed; nested exception is org.springframework.dao.DataIntegrityViolationException: could not execute statement; SQL [n/a]; constraint [id]; nested exception is org.hibernate.exception.ConstraintViolationException: could not execute statement] with root cause

org.postgresql.util.PSQLException: ERROR: null value in column "id" violates not-null constraint
  Detail: Failing row contains (null, string, string, 1, 1, 2020-04-10).
	at org.postgresql.core.v3.QueryExecutorImpl.receiveErrorResponse(QueryExecutorImpl.java:2440) ~[postgresql-42.2.5.jar:42.2.5]
	at org.postgresql.core.v3.QueryExecutorImpl.processResults(QueryExecutorImpl.java:2183) ~[postgresql-42.2.5.jar:42.2.5]
	at org.postgresql.core.v3.QueryExecutorImpl.execute(QueryExecutorImpl.java:308) ~[postgresql-42.2.5.jar:42.2.5]
	at org.postgresql.jdbc.PgStatement.executeInternal(PgStatement.java:441) ~[postgresql-42.2.5.jar:42.2.5]
	at org.postgresql.jdbc.PgStatement.execute(PgStatement.java:365) ~[postgresql-42.2.5.jar:42.2.5]
	at org.postgresql.jdbc.PgPreparedStatement.executeWithFlags(PgPreparedStatement.java:143) ~[postgresql-42.2.5.jar:42.2.5]
	at org.postgresql.jdbc.PgPreparedStatement.executeUpdate(PgPreparedStatement.java:120) ~[postgresql-42.2.5.jar:42.2.5]
	at com.zaxxer.hikari.pool.ProxyPreparedStatement.executeUpdate(ProxyPreparedStatement.java:61) ~[HikariCP-3.2.0.jar:na]
	at com.zaxxer.hikari.pool.HikariProxyPreparedStatement.executeUpdate(HikariProxyPreparedStatement.java) ~[HikariCP-3.2.0.jar:na]
	at org.hibernate.engine.jdbc.internal.ResultSetReturnImpl.executeUpdate(ResultSetReturnImpl.java:175) ~[hibernate-core-5.3.10.Final.jar:5.3.10.Final]
	at org.hibernate.id.insert.AbstractSelectingDelegate.performInsert(AbstractSelectingDelegate.java:45) ~[hibernate-core-5.3.10.Final.jar:5.3.10.Final]
	at org.hibernate.persister.entity.AbstractEntityPersister.insert(AbstractEntityPersister.java:3077) ~[hibernate-core-5.3.10.Final.jar:5.3.10.Final]
	at org.hibernate.persister.entity.AbstractEntityPersister.insert(AbstractEntityPersister.java:3667) ~[hibernate-core-5.3.10.Final.jar:5.3.10.Final]
	at org.hibernate.action.internal.EntityIdentityInsertAction.execute(EntityIdentityInsertAction.java:81) ~[hibernate-core-5.3.10.Final.jar:5.3.10.Final]
	at org.hibernate.engine.spi.ActionQueue.execute(ActionQueue.java:645) ~[hibernate-core-5.3.10.Final.jar:5.3.10.Final]
	at org.hibernate.engine.spi.ActionQueue.addResolvedEntityInsertAction(ActionQueue.java:282) ~[hibernate-core-5.3.10.Final.jar:5.3.10.Final]
	at org.hibernate.engine.spi.ActionQueue.addInsertAction(ActionQueue.java:263) ~[hibernate-core-5.3.10.Final.jar:5.3.10.Final]
	at org.hibernate.engine.spi.ActionQueue.addAction(ActionQueue.java:317) ~[hibernate-core-5.3.10.Final.jar:5.3.10.Final]
	at org.hibernate.event.internal.AbstractSaveEventListener.addInsertAction(AbstractSaveEventListener.java:332) ~[hibernate-core-5.3.10.Final.jar:5.3.10.Final]
	at org.hibernate.event.internal.AbstractSaveEventListener.performSaveOrReplicate(AbstractSaveEventListener.java:289) ~[hibernate-core-5.3.10.Final.jar:5.3.10.Final]
	at org.hibernate.event.internal.AbstractSaveEventListener.performSave(AbstractSaveEventListener.java:196) ~[hibernate-core-5.3.10.Final.jar:5.3.10.Final]
	at org.hibernate.event.internal.AbstractSaveEventListener.saveWithGeneratedId(AbstractSaveEventListener.java:127) ~[hibernate-core-5.3.10.Final.jar:5.3.10.Final]
	at org.hibernate.event.internal.DefaultPersistEventListener.entityIsTransient(DefaultPersistEventListener.java:192) ~[hibernate-core-5.3.10.Final.jar:5.3.10.Final]
	at org.hibernate.event.internal.DefaultPersistEventListener.onPersist(DefaultPersistEventListener.java:135) ~[hibernate-core-5.3.10.Final.jar:5.3.10.Final]
	at org.hibernate.event.internal.DefaultPersistEventListener.onPersist(DefaultPersistEventListener.java:62) ~[hibernate-core-5.3.10.Final.jar:5.3.10.Final]
	at org.hibernate.internal.SessionImpl.firePersist(SessionImpl.java:800) ~[hibernate-core-5.3.10.Final.jar:5.3.10.Final]
	at org.hibernate.internal.SessionImpl.persist(SessionImpl.java:785) ~[hibernate-core-5.3.10.Final.jar:5.3.10.Final]
	at sun.reflect.NativeMethodAccessorImpl.invoke0(Native Method) ~[na:1.8.0_191]
	at sun.reflect.NativeMethodAccessorImpl.invoke(NativeMethodAccessorImpl.java:62) ~[na:1.8.0_191]
	at sun.reflect.DelegatingMethodAccessorImpl.invoke(DelegatingMethodAccessorImpl.java:43) ~[na:1.8.0_191]
	at java.lang.reflect.Method.invoke(Method.java:498) ~[na:1.8.0_191]
	at org.springframework.orm.jpa.ExtendedEntityManagerCreator$ExtendedEntityManagerInvocationHandler.invoke(ExtendedEntityManagerCreator.java:350) ~[spring-orm-5.1.8.RELEASE.jar:5.1.8.RELEASE]
	at com.sun.proxy.$Proxy97.persist(Unknown Source) ~[na:na]
	at sun.reflect.NativeMethodAccessorImpl.invoke0(Native Method) ~[na:1.8.0_191]
	at sun.reflect.NativeMethodAccessorImpl.invoke(NativeMethodAccessorImpl.java:62) ~[na:1.8.0_191]
	at sun.reflect.DelegatingMethodAccessorImpl.invoke(DelegatingMethodAccessorImpl.java:43) ~[na:1.8.0_191]
	at java.lang.reflect.Method.invoke(Method.java:498) ~[na:1.8.0_191]
	at org.springframework.orm.jpa.SharedEntityManagerCreator$SharedEntityManagerInvocationHandler.invoke(SharedEntityManagerCreator.java:308) ~[spring-orm-5.1.8.RELEASE.jar:5.1.8.RELEASE]
	at com.sun.proxy.$Proxy97.persist(Unknown Source) ~[na:na]
	at org.springframework.data.jpa.repository.support.SimpleJpaRepository.save(SimpleJpaRepository.java:507) ~[spring-data-jpa-2.1.9.RELEASE.jar:2.1.9.RELEASE]
	at sun.reflect.NativeMethodAccessorImpl.invoke0(Native Method) ~[na:1.8.0_191]
	at sun.reflect.NativeMethodAccessorImpl.invoke(NativeMethodAccessorImpl.java:62) ~[na:1.8.0_191]
	at sun.reflect.DelegatingMethodAccessorImpl.invoke(DelegatingMethodAccessorImpl.java:43) ~[na:1.8.0_191]
	at java.lang.reflect.Method.invoke(Method.java:498) ~[na:1.8.0_191]
	at org.springframework.data.repository.core.support.RepositoryComposition$RepositoryFragments.invoke(RepositoryComposition.java:359) ~[spring-data-commons-2.1.9.RELEASE.jar:2.1.9.RELEASE]
	at org.springframework.data.repository.core.support.RepositoryComposition.invoke(RepositoryComposition.java:200) ~[spring-data-commons-2.1.9.RELEASE.jar:2.1.9.RELEASE]
	at org.springframework.data.repository.core.support.RepositoryFactorySupport$ImplementationMethodExecutionInterceptor.invoke(RepositoryFactorySupport.java:644) ~[spring-data-commons-2.1.9.RELEASE.jar:2.1.9.RELEASE]
	at org.springframework.aop.framework.ReflectiveMethodInvocation.proceed(ReflectiveMethodInvocation.java:186) ~[spring-aop-5.1.8.RELEASE.jar:5.1.8.RELEASE]
	at org.springframework.data.repository.core.support.RepositoryFactorySupport$QueryExecutorMethodInterceptor.doInvoke(RepositoryFactorySupport.java:608) ~[spring-data-commons-2.1.9.RELEASE.jar:2.1.9.RELEASE]
	at org.springframework.data.repository.core.support.RepositoryFactorySupport$QueryExecutorMethodInterceptor.lambda$invoke$3(RepositoryFactorySupport.java:595) ~[spring-data-commons-2.1.9.RELEASE.jar:2.1.9.RELEASE]
	at org.springframework.data.repository.core.support.RepositoryFactorySupport$QueryExecutorMethodInterceptor.invoke(RepositoryFactorySupport.java:595) ~[spring-data-commons-2.1.9.RELEASE.jar:2.1.9.RELEASE]
	at org.springframework.aop.framework.ReflectiveMethodInvocation.proceed(ReflectiveMethodInvocation.java:186) ~[spring-aop-5.1.8.RELEASE.jar:5.1.8.RELEASE]
	at org.springframework.data.projection.DefaultMethodInvokingMethodInterceptor.invoke(DefaultMethodInvokingMethodInterceptor.java:59) ~[spring-data-commons-2.1.9.RELEASE.jar:2.1.9.RELEASE]
	at org.springframework.aop.framework.ReflectiveMethodInvocation.proceed(ReflectiveMethodInvocation.java:186) ~[spring-aop-5.1.8.RELEASE.jar:5.1.8.RELEASE]
	at org.springframework.transaction.interceptor.TransactionAspectSupport.invokeWithinTransaction(TransactionAspectSupport.java:295) ~[spring-tx-5.1.8.RELEASE.jar:5.1.8.RELEASE]
	at org.springframework.transaction.interceptor.TransactionInterceptor.invoke(TransactionInterceptor.java:98) ~[spring-tx-5.1.8.RELEASE.jar:5.1.8.RELEASE]
	at org.springframework.aop.framework.ReflectiveMethodInvocation.proceed(ReflectiveMethodInvocation.java:186) ~[spring-aop-5.1.8.RELEASE.jar:5.1.8.RELEASE]
	at org.springframework.dao.support.PersistenceExceptionTranslationInterceptor.invoke(PersistenceExceptionTranslationInterceptor.java:139) ~[spring-tx-5.1.8.RELEASE.jar:5.1.8.RELEASE]
	at org.springframework.aop.framework.ReflectiveMethodInvocation.proceed(ReflectiveMethodInvocation.java:186) ~[spring-aop-5.1.8.RELEASE.jar:5.1.8.RELEASE]
	at org.springframework.data.jpa.repository.support.CrudMethodMetadataPostProcessor$CrudMethodMetadataPopulatingMethodInterceptor.invoke(CrudMethodMetadataPostProcessor.java:138) ~[spring-data-jpa-2.1.9.RELEASE.jar:2.1.9.RELEASE]
	at org.springframework.aop.framework.ReflectiveMethodInvocation.proceed(ReflectiveMethodInvocation.java:186) ~[spring-aop-5.1.8.RELEASE.jar:5.1.8.RELEASE]
	at org.springframework.aop.interceptor.ExposeInvocationInterceptor.invoke(ExposeInvocationInterceptor.java:93) ~[spring-aop-5.1.8.RELEASE.jar:5.1.8.RELEASE]
	at org.springframework.aop.framework.ReflectiveMethodInvocation.proceed(ReflectiveMethodInvocation.java:186) ~[spring-aop-5.1.8.RELEASE.jar:5.1.8.RELEASE]
	at org.springframework.data.repository.core.support.SurroundingTransactionDetectorMethodInterceptor.invoke(SurroundingTransactionDetectorMethodInterceptor.java:61) ~[spring-data-commons-2.1.9.RELEASE.jar:2.1.9.RELEASE]
	at org.springframework.aop.framework.ReflectiveMethodInvocation.proceed(ReflectiveMethodInvocation.java:186) ~[spring-aop-5.1.8.RELEASE.jar:5.1.8.RELEASE]
	at org.springframework.aop.framework.JdkDynamicAopProxy.invoke(JdkDynamicAopProxy.java:212) ~[spring-aop-5.1.8.RELEASE.jar:5.1.8.RELEASE]
	at com.sun.proxy.$Proxy100.save(Unknown Source) ~[na:na]
	at co.udea.ingweb.api.service.AjusteService.agregarAjuste(AjusteService.java:41) ~[classes/:na]
	at co.udea.ingweb.api.controller.AjusteController.agregarAjuste(AjusteController.java:24) ~[classes/:na]
	at sun.reflect.NativeMethodAccessorImpl.invoke0(Native Method) ~[na:1.8.0_191]
	at sun.reflect.NativeMethodAccessorImpl.invoke(NativeMethodAccessorImpl.java:62) ~[na:1.8.0_191]
	at sun.reflect.DelegatingMethodAccessorImpl.invoke(DelegatingMethodAccessorImpl.java:43) ~[na:1.8.0_191]
	at java.lang.reflect.Method.invoke(Method.java:498) ~[na:1.8.0_191]
	at org.springframework.web.method.support.InvocableHandlerMethod.doInvoke(InvocableHandlerMethod.java:190) ~[spring-web-5.1.8.RELEASE.jar:5.1.8.RELEASE]
	at org.springframework.web.method.support.InvocableHandlerMethod.invokeForRequest(InvocableHandlerMethod.java:138) ~[spring-web-5.1.8.RELEASE.jar:5.1.8.RELEASE]
	at org.springframework.web.servlet.mvc.method.annotation.ServletInvocableHandlerMethod.invokeAndHandle(ServletInvocableHandlerMethod.java:104) ~[spring-webmvc-5.1.8.RELEASE.jar:5.1.8.RELEASE]
	at org.springframework.web.servlet.mvc.method.annotation.RequestMappingHandlerAdapter.invokeHandlerMethod(RequestMappingHandlerAdapter.java:892) ~[spring-webmvc-5.1.8.RELEASE.jar:5.1.8.RELEASE]
	at org.springframework.web.servlet.mvc.method.annotation.RequestMappingHandlerAdapter.handleInternal(RequestMappingHandlerAdapter.java:797) ~[spring-webmvc-5.1.8.RELEASE.jar:5.1.8.RELEASE]
	at org.springframework.web.servlet.mvc.method.AbstractHandlerMethodAdapter.handle(AbstractHandlerMethodAdapter.java:87) ~[spring-webmvc-5.1.8.RELEASE.jar:5.1.8.RELEASE]
	at org.springframework.web.servlet.DispatcherServlet.doDispatch(DispatcherServlet.java:1039) ~[spring-webmvc-5.1.8.RELEASE.jar:5.1.8.RELEASE]
	at org.springframework.web.servlet.DispatcherServlet.doService(DispatcherServlet.java:942) ~[spring-webmvc-5.1.8.RELEASE.jar:5.1.8.RELEASE]
	at org.springframework.web.servlet.FrameworkServlet.processRequest(FrameworkServlet.java:1005) ~[spring-webmvc-5.1.8.RELEASE.jar:5.1.8.RELEASE]
	at org.springframework.web.servlet.FrameworkServlet.doPost(FrameworkServlet.java:908) ~[spring-webmvc-5.1.8.RELEASE.jar:5.1.8.RELEASE]
	at javax.servlet.http.HttpServlet.service(HttpServlet.java:660) ~[tomcat-embed-core-9.0.21.jar:9.0.21]
	at org.springframework.web.servlet.FrameworkServlet.service(FrameworkServlet.java:882) ~[spring-webmvc-5.1.8.RELEASE.jar:5.1.8.RELEASE]
	at javax.servlet.http.HttpServlet.service(HttpServlet.java:741) ~[tomcat-embed-core-9.0.21.jar:9.0.21]
	at org.apache.catalina.core.ApplicationFilterChain.internalDoFilter(ApplicationFilterChain.java:231) ~[tomcat-embed-core-9.0.21.jar:9.0.21]
	at org.apache.catalina.core.ApplicationFilterChain.doFilter(ApplicationFilterChain.java:166) ~[tomcat-embed-core-9.0.21.jar:9.0.21]
	at org.apache.tomcat.websocket.server.WsFilter.doFilter(WsFilter.java:53) ~[tomcat-embed-websocket-9.0.21.jar:9.0.21]
	at org.apache.catalina.core.ApplicationFilterChain.internalDoFilter(ApplicationFilterChain.java:193) ~[tomcat-embed-core-9.0.21.jar:9.0.21]
	at org.apache.catalina.core.ApplicationFilterChain.doFilter(ApplicationFilterChain.java:166) ~[tomcat-embed-core-9.0.21.jar:9.0.21]
	at co.udea.ingweb.api.config.CORSFilter.doFilter(CORSFilter.java:27) ~[classes/:na]
	at org.apache.catalina.core.ApplicationFilterChain.internalDoFilter(ApplicationFilterChain.java:193) ~[tomcat-embed-core-9.0.21.jar:9.0.21]
	at org.apache.catalina.core.ApplicationFilterChain.doFilter(ApplicationFilterChain.java:166) ~[tomcat-embed-core-9.0.21.jar:9.0.21]
	at org.springframework.web.filter.RequestContextFilter.doFilterInternal(RequestContextFilter.java:99) ~[spring-web-5.1.8.RELEASE.jar:5.1.8.RELEASE]
	at org.springframework.web.filter.OncePerRequestFilter.doFilter(OncePerRequestFilter.java:109) ~[spring-web-5.1.8.RELEASE.jar:5.1.8.RELEASE]
	at org.apache.catalina.core.ApplicationFilterChain.internalDoFilter(ApplicationFilterChain.java:193) ~[tomcat-embed-core-9.0.21.jar:9.0.21]
	at org.apache.catalina.core.ApplicationFilterChain.doFilter(ApplicationFilterChain.java:166) ~[tomcat-embed-core-9.0.21.jar:9.0.21]
	at org.springframework.web.filter.FormContentFilter.doFilterInternal(FormContentFilter.java:92) ~[spring-web-5.1.8.RELEASE.jar:5.1.8.RELEASE]
	at org.springframework.web.filter.OncePerRequestFilter.doFilter(OncePerRequestFilter.java:109) ~[spring-web-5.1.8.RELEASE.jar:5.1.8.RELEASE]
	at org.apache.catalina.core.ApplicationFilterChain.internalDoFilter(ApplicationFilterChain.java:193) ~[tomcat-embed-core-9.0.21.jar:9.0.21]
	at org.apache.catalina.core.ApplicationFilterChain.doFilter(ApplicationFilterChain.java:166) ~[tomcat-embed-core-9.0.21.jar:9.0.21]
	at org.springframework.web.filter.HiddenHttpMethodFilter.doFilterInternal(HiddenHttpMethodFilter.java:93) ~[spring-web-5.1.8.RELEASE.jar:5.1.8.RELEASE]
	at org.springframework.web.filter.OncePerRequestFilter.doFilter(OncePerRequestFilter.java:109) ~[spring-web-5.1.8.RELEASE.jar:5.1.8.RELEASE]
	at org.apache.catalina.core.ApplicationFilterChain.internalDoFilter(ApplicationFilterChain.java:193) ~[tomcat-embed-core-9.0.21.jar:9.0.21]
	at org.apache.catalina.core.ApplicationFilterChain.doFilter(ApplicationFilterChain.java:166) ~[tomcat-embed-core-9.0.21.jar:9.0.21]
	at org.springframework.web.filter.CharacterEncodingFilter.doFilterInternal(CharacterEncodingFilter.java:200) ~[spring-web-5.1.8.RELEASE.jar:5.1.8.RELEASE]
	at org.springframework.web.filter.OncePerRequestFilter.doFilter(OncePerRequestFilter.java:109) ~[spring-web-5.1.8.RELEASE.jar:5.1.8.RELEASE]
	at org.apache.catalina.core.ApplicationFilterChain.internalDoFilter(ApplicationFilterChain.java:193) ~[tomcat-embed-core-9.0.21.jar:9.0.21]
	at org.apache.catalina.core.ApplicationFilterChain.doFilter(ApplicationFilterChain.java:166) ~[tomcat-embed-core-9.0.21.jar:9.0.21]
	at org.apache.catalina.core.StandardWrapperValve.invoke(StandardWrapperValve.java:202) ~[tomcat-embed-core-9.0.21.jar:9.0.21]
	at org.apache.catalina.core.StandardContextValve.invoke(StandardContextValve.java:96) [tomcat-embed-core-9.0.21.jar:9.0.21]
	at org.apache.catalina.authenticator.AuthenticatorBase.invoke(AuthenticatorBase.java:490) [tomcat-embed-core-9.0.21.jar:9.0.21]
	at org.apache.catalina.core.StandardHostValve.invoke(StandardHostValve.java:139) [tomcat-embed-core-9.0.21.jar:9.0.21]
	at org.apache.catalina.valves.ErrorReportValve.invoke(ErrorReportValve.java:92) [tomcat-embed-core-9.0.21.jar:9.0.21]
	at org.apache.catalina.core.StandardEngineValve.invoke(StandardEngineValve.java:74) [tomcat-embed-core-9.0.21.jar:9.0.21]
	at org.apache.catalina.connector.CoyoteAdapter.service(CoyoteAdapter.java:343) [tomcat-embed-core-9.0.21.jar:9.0.21]
	at org.apache.coyote.http11.Http11Processor.service(Http11Processor.java:408) [tomcat-embed-core-9.0.21.jar:9.0.21]
	at org.apache.coyote.AbstractProcessorLight.process(AbstractProcessorLight.java:66) [tomcat-embed-core-9.0.21.jar:9.0.21]
	at org.apache.coyote.AbstractProtocol$ConnectionHandler.process(AbstractProtocol.java:853) [tomcat-embed-core-9.0.21.jar:9.0.21]
	at org.apache.tomcat.util.net.NioEndpoint$SocketProcessor.doRun(NioEndpoint.java:1587) [tomcat-embed-core-9.0.21.jar:9.0.21]
	at org.apache.tomcat.util.net.SocketProcessorBase.run(SocketProcessorBase.java:49) [tomcat-embed-core-9.0.21.jar:9.0.21]
	at java.util.concurrent.ThreadPoolExecutor.runWorker(ThreadPoolExecutor.java:1149) [na:1.8.0_191]
	at java.util.concurrent.ThreadPoolExecutor$Worker.run(ThreadPoolExecutor.java:624) [na:1.8.0_191]
	at org.apache.tomcat.util.threads.TaskThread$WrappingRunnable.run(TaskThread.java:61) [tomcat-embed-core-9.0.21.jar:9.0.21]
	at java.lang.Thread.run(Thread.java:748) [na:1.8.0_191]

